This is pdfTeX, Version 3.141592653-2.6-1.40.24 (MiKTeX 22.1) (preloaded format=pdflatex 2024.9.16)  10 OCT 2024 13:05
entering extended mode
 restricted \write18 enabled.
 file:line:error style messages enabled.
 %&-line parsing enabled.
**"/Users/enriquerivera/Documents/School/Y4S1/Eletronic Techniques/Report 2/LaTex Lab/Report2.tex"
(/Users/enriquerivera/Documents/School/Y4S1/Eletronic Techniques/Report 2/LaTex Lab/Report2.tex
LaTeX2e <2024-06-01> patch level 2
L3 programming layer <2024-08-30>
(/Users/enriquerivera/Library/Application Support/MiKTeX/texmfs/install/tex/latex/base/article.cls
Document Class: article 2024/02/08 v1.4n Standard LaTeX document class
(/Users/enriquerivera/Library/Application Support/MiKTeX/texmfs/install/tex/latex/base/size10.clo
File: size10.clo 2024/02/08 v1.4n Standard LaTeX file (size option)
)
\c@part=\count194
\c@section=\count195
\c@subsection=\count196
\c@subsubsection=\count197
\c@paragraph=\count198
\c@subparagraph=\count199
\c@figure=\count266
\c@table=\count267
\abovecaptionskip=\skip49
\belowcaptionskip=\skip50
\bibindent=\dimen141
) (/Users/enriquerivera/Library/Application Support/MiKTeX/texmfs/install/tex/latex/amsmath/amsmath.sty
Package: amsmath 2024/05/23 v2.17q AMS math features
\@mathmargin=\skip51

For additional information on amsmath, use the `?' option.
(/Users/enriquerivera/Library/Application Support/MiKTeX/texmfs/install/tex/latex/amsmath/amstext.sty
Package: amstext 2021/08/26 v2.01 AMS text
 (/Users/enriquerivera/Library/Application Support/MiKTeX/texmfs/install/tex/latex/amsmath/amsgen.sty
File: amsgen.sty 1999/11/30 v2.0 generic functions
\@emptytoks=\toks17
\ex@=\dimen142
)) (/Users/enriquerivera/Library/Application Support/MiKTeX/texmfs/install/tex/latex/amsmath/amsbsy.sty
Package: amsbsy 1999/11/29 v1.2d Bold Symbols
\pmbraise@=\dimen143
) (/Users/enriquerivera/Library/Application Support/MiKTeX/texmfs/install/tex/latex/amsmath/amsopn.sty
Package: amsopn 2022/04/08 v2.04 operator names
)
\inf@bad=\count268
LaTeX Info: Redefining \frac on input line 233.
\uproot@=\count269
\leftroot@=\count270
LaTeX Info: Redefining \overline on input line 398.
LaTeX Info: Redefining \colon on input line 409.
\classnum@=\count271
\DOTSCASE@=\count272
LaTeX Info: Redefining \ldots on input line 495.
LaTeX Info: Redefining \dots on input line 498.
LaTeX Info: Redefining \cdots on input line 619.
\Mathstrutbox@=\box52
\strutbox@=\box53
LaTeX Info: Redefining \big on input line 721.
LaTeX Info: Redefining \Big on input line 722.
LaTeX Info: Redefining \bigg on input line 723.
LaTeX Info: Redefining \Bigg on input line 724.
\big@size=\dimen144
LaTeX Font Info:    Redeclaring font encoding OML on input line 742.
LaTeX Font Info:    Redeclaring font encoding OMS on input line 743.
\macc@depth=\count273
LaTeX Info: Redefining \bmod on input line 904.
LaTeX Info: Redefining \pmod on input line 909.
LaTeX Info: Redefining \smash on input line 939.
LaTeX Info: Redefining \relbar on input line 969.
LaTeX Info: Redefining \Relbar on input line 970.
\c@MaxMatrixCols=\count274
\dotsspace@=\muskip17
\c@parentequation=\count275
\dspbrk@lvl=\count276
\tag@help=\toks18
\row@=\count277
\column@=\count278
\maxfields@=\count279
\andhelp@=\toks19
\eqnshift@=\dimen145
\alignsep@=\dimen146
\tagshift@=\dimen147
\tagwidth@=\dimen148
\totwidth@=\dimen149
\lineht@=\dimen150
\@envbody=\toks20
\multlinegap=\skip52
\multlinetaggap=\skip53
\mathdisplay@stack=\toks21
LaTeX Info: Redefining \[ on input line 2953.
LaTeX Info: Redefining \] on input line 2954.
) (/Users/enriquerivera/Library/Application Support/MiKTeX/texmfs/install/tex/latex/graphics/graphicx.sty
Package: graphicx 2021/09/16 v1.2d Enhanced LaTeX Graphics (DPC,SPQR)
 (/Users/enriquerivera/Library/Application Support/MiKTeX/texmfs/install/tex/latex/graphics/keyval.sty
Package: keyval 2022/05/29 v1.15 key=value parser (DPC)
\KV@toks@=\toks22
) (/Users/enriquerivera/Library/Application Support/MiKTeX/texmfs/install/tex/latex/graphics/graphics.sty
Package: graphics 2024/05/23 v1.4g Standard LaTeX Graphics (DPC,SPQR)
 (/Users/enriquerivera/Library/Application Support/MiKTeX/texmfs/install/tex/latex/graphics/trig.sty
Package: trig 2023/12/02 v1.11 sin cos tan (DPC)
) (/Users/enriquerivera/Library/Application Support/MiKTeX/texmfs/install/tex/latex/graphics-cfg/graphics.cfg
File: graphics.cfg 2016/06/04 v1.11 sample graphics configuration
)
Package graphics Info: Driver file: pdftex.def on input line 106.
 (/Users/enriquerivera/Library/Application Support/MiKTeX/texmfs/install/tex/latex/graphics-def/pdftex.def
File: pdftex.def 2024/04/13 v1.2c Graphics/color driver for pdftex
))
\Gin@req@height=\dimen151
\Gin@req@width=\dimen152
) (/Users/enriquerivera/Library/Application Support/MiKTeX/texmfs/install/tex/latex/float/float.sty
Package: float 2001/11/08 v1.3d Float enhancements (AL)
\c@float@type=\count280
\float@exts=\toks23
\float@box=\box54
\@float@everytoks=\toks24
\@floatcapt=\box55
) (/Users/enriquerivera/Library/Application Support/MiKTeX/texmfs/install/tex/latex/caption/caption.sty
Package: caption 2023/08/05 v3.6o Customizing captions (AR)
 (/Users/enriquerivera/Library/Application Support/MiKTeX/texmfs/install/tex/latex/caption/caption3.sty
Package: caption3 2023/07/31 v2.4d caption3 kernel (AR)
\caption@tempdima=\dimen153
\captionmargin=\dimen154
\caption@leftmargin=\dimen155
\caption@rightmargin=\dimen156
\caption@width=\dimen157
\caption@indent=\dimen158
\caption@parindent=\dimen159
\caption@hangindent=\dimen160
Package caption Info: Standard document class detected.
)
\c@caption@flags=\count281
\c@continuedfloat=\count282
Package caption Info: float package is loaded.
) (/Users/enriquerivera/Library/Application Support/MiKTeX/texmfs/install/tex/latex/siunitx/siunitx.sty
Package: siunitx 2024-08-20 v3.3.21 A comprehensive (SI) units package
\l__siunitx_number_uncert_offset_int=\count283
\l__siunitx_number_exponent_fixed_int=\count284
\l__siunitx_number_min_decimal_int=\count285
\l__siunitx_number_min_integer_int=\count286
\l__siunitx_number_round_precision_int=\count287
\l__siunitx_number_lower_threshold_int=\count288
\l__siunitx_number_upper_threshold_int=\count289
\l__siunitx_number_group_first_int=\count290
\l__siunitx_number_group_size_int=\count291
\l__siunitx_number_group_minimum_int=\count292
\l__siunitx_angle_tmp_dim=\dimen161
\l__siunitx_angle_marker_box=\box56
\l__siunitx_angle_unit_box=\box57
\l__siunitx_compound_count_int=\count293
 (/Users/enriquerivera/Library/Application Support/MiKTeX/texmfs/install/tex/latex/translations/translations.sty
Package: translations 2022/02/05 v1.12 internationalization of LaTeX2e packages (CN)
 (/Users/enriquerivera/Library/Application Support/MiKTeX/texmfs/install/tex/latex/etoolbox/etoolbox.sty
Package: etoolbox 2020/10/05 v2.5k e-TeX tools for LaTeX (JAW)
\etb@tempcnta=\count294
) (/Users/enriquerivera/Library/Application Support/MiKTeX/texmfs/install/tex/generic/pdftexcmds/pdftexcmds.sty
Package: pdftexcmds 2020-06-27 v0.33 Utility functions of pdfTeX for LuaTeX (HO)
 (/Users/enriquerivera/Library/Application Support/MiKTeX/texmfs/install/tex/generic/infwarerr/infwarerr.sty
Package: infwarerr 2019/12/03 v1.5 Providing info/warning/error messages (HO)
) (/Users/enriquerivera/Library/Application Support/MiKTeX/texmfs/install/tex/generic/iftex/iftex.sty
Package: iftex 2022/02/03 v1.0f TeX engine tests
) (/Users/enriquerivera/Library/Application Support/MiKTeX/texmfs/install/tex/generic/ltxcmds/ltxcmds.sty
Package: ltxcmds 2023-12-04 v1.26 LaTeX kernel commands for general use (HO)
)
Package pdftexcmds Info: \pdf@primitive is available.
Package pdftexcmds Info: \pdf@ifprimitive is available.
Package pdftexcmds Info: \pdfdraftmode found.
))
\l__siunitx_table_tmp_box=\box58
\l__siunitx_table_tmp_dim=\dimen162
\l__siunitx_table_column_width_dim=\dimen163
\l__siunitx_table_integer_box=\box59
\l__siunitx_table_decimal_box=\box60
\l__siunitx_table_uncert_box=\box61
\l__siunitx_table_before_box=\box62
\l__siunitx_table_after_box=\box63
\l__siunitx_table_before_dim=\dimen164
\l__siunitx_table_carry_dim=\dimen165
\l__siunitx_unit_tmp_int=\count295
\l__siunitx_unit_position_int=\count296
\l__siunitx_unit_total_int=\count297
 (/Users/enriquerivera/Library/Application Support/MiKTeX/texmfs/install/tex/latex/tools/array.sty
Package: array 2024/06/14 v2.6d Tabular extension package (FMi)
\col@sep=\dimen166
\ar@mcellbox=\box64
\extrarowheight=\dimen167
\NC@list=\toks25
\extratabsurround=\skip54
\backup@length=\skip55
\ar@cellbox=\box65
)) (/Users/enriquerivera/Library/Application Support/MiKTeX/texmfs/install/tex/latex/hyperref/hyperref.sty
Package: hyperref 2024-07-10 v7.01j Hypertext links for LaTeX
 (/Users/enriquerivera/Library/Application Support/MiKTeX/texmfs/install/tex/latex/kvsetkeys/kvsetkeys.sty
Package: kvsetkeys 2022-10-05 v1.19 Key value parser (HO)
) (/Users/enriquerivera/Library/Application Support/MiKTeX/texmfs/install/tex/generic/kvdefinekeys/kvdefinekeys.sty
Package: kvdefinekeys 2019-12-19 v1.6 Define keys (HO)
) (/Users/enriquerivera/Library/Application Support/MiKTeX/texmfs/install/tex/generic/pdfescape/pdfescape.sty
Package: pdfescape 2019/12/09 v1.15 Implements pdfTeX's escape features (HO)
) (/Users/enriquerivera/Library/Application Support/MiKTeX/texmfs/install/tex/latex/hycolor/hycolor.sty
Package: hycolor 2020-01-27 v1.10 Color options for hyperref/bookmark (HO)
) (/Users/enriquerivera/Library/Application Support/MiKTeX/texmfs/install/tex/latex/hyperref/nameref.sty
Package: nameref 2023-11-26 v2.56 Cross-referencing by name of section
 (/Users/enriquerivera/Library/Application Support/MiKTeX/texmfs/install/tex/latex/refcount/refcount.sty
Package: refcount 2019/12/15 v3.6 Data extraction from label references (HO)
) (/Users/enriquerivera/Library/Application Support/MiKTeX/texmfs/install/tex/generic/gettitlestring/gettitlestring.sty
Package: gettitlestring 2019/12/15 v1.6 Cleanup title references (HO)
 (/Users/enriquerivera/Library/Application Support/MiKTeX/texmfs/install/tex/latex/kvoptions/kvoptions.sty
Package: kvoptions 2022-06-15 v3.15 Key value format for package options (HO)
))
\c@section@level=\count298
) (/Users/enriquerivera/Library/Application Support/MiKTeX/texmfs/install/tex/generic/stringenc/stringenc.sty
Package: stringenc 2019/11/29 v1.12 Convert strings between diff. encodings (HO)
)
\@linkdim=\dimen168
\Hy@linkcounter=\count299
\Hy@pagecounter=\count300
 (/Users/enriquerivera/Library/Application Support/MiKTeX/texmfs/install/tex/latex/hyperref/pd1enc.def
File: pd1enc.def 2024-07-10 v7.01j Hyperref: PDFDocEncoding definition (HO)
Now handling font encoding PD1 ...
... no UTF-8 mapping file for font encoding PD1
) (/Users/enriquerivera/Library/Application Support/MiKTeX/texmfs/install/tex/generic/intcalc/intcalc.sty
Package: intcalc 2019/12/15 v1.3 Expandable calculations with integers (HO)
)
\Hy@SavedSpaceFactor=\count301
 (/Users/enriquerivera/Library/Application Support/MiKTeX/texmfs/install/tex/latex/hyperref/puenc.def
File: puenc.def 2024-07-10 v7.01j Hyperref: PDF Unicode definition (HO)
Now handling font encoding PU ...
... no UTF-8 mapping file for font encoding PU
)
Package hyperref Info: Hyper figures OFF on input line 4157.
Package hyperref Info: Link nesting OFF on input line 4162.
Package hyperref Info: Hyper index ON on input line 4165.
Package hyperref Info: Plain pages OFF on input line 4172.
Package hyperref Info: Backreferencing OFF on input line 4177.
Package hyperref Info: Implicit mode ON; LaTeX internals redefined.
Package hyperref Info: Bookmarks ON on input line 4424.
\c@Hy@tempcnt=\count302
 (/Users/enriquerivera/Library/Application Support/MiKTeX/texmfs/install/tex/latex/url/url.sty
\Urlmuskip=\muskip18
Package: url 2013/09/16  ver 3.4  Verb mode for urls, etc.
)
LaTeX Info: Redefining \url on input line 4763.
\XeTeXLinkMargin=\dimen169
 (/Users/enriquerivera/Library/Application Support/MiKTeX/texmfs/install/tex/generic/bitset/bitset.sty
Package: bitset 2019/12/09 v1.3 Handle bit-vector datatype (HO)
 (/Users/enriquerivera/Library/Application Support/MiKTeX/texmfs/install/tex/generic/bigintcalc/bigintcalc.sty
Package: bigintcalc 2019/12/15 v1.5 Expandable calculations on big integers (HO)
))
\Fld@menulength=\count303
\Field@Width=\dimen170
\Fld@charsize=\dimen171
Package hyperref Info: Hyper figures OFF on input line 6042.
Package hyperref Info: Link nesting OFF on input line 6047.
Package hyperref Info: Hyper index ON on input line 6050.
Package hyperref Info: backreferencing OFF on input line 6057.
Package hyperref Info: Link coloring OFF on input line 6062.
Package hyperref Info: Link coloring with OCG OFF on input line 6067.
Package hyperref Info: PDF/A mode OFF on input line 6072.
 (/Users/enriquerivera/Library/Application Support/MiKTeX/texmfs/install/tex/latex/base/atbegshi-ltx.sty
Package: atbegshi-ltx 2021/01/10 v1.0c Emulation of the original atbegshi
package with kernel methods
)
\Hy@abspage=\count304
\c@Item=\count305
\c@Hfootnote=\count306
)
Package hyperref Info: Driver (autodetected): hpdftex.
 (/Users/enriquerivera/Library/Application Support/MiKTeX/texmfs/install/tex/latex/hyperref/hpdftex.def
File: hpdftex.def 2024-07-10 v7.01j Hyperref driver for pdfTeX
 (/Users/enriquerivera/Library/Application Support/MiKTeX/texmfs/install/tex/latex/base/atveryend-ltx.sty
Package: atveryend-ltx 2020/08/19 v1.0a Emulation of the original atveryend package
with kernel methods
)
\Fld@listcount=\count307
\c@bookmark@seq@number=\count308
 (/Users/enriquerivera/Library/Application Support/MiKTeX/texmfs/install/tex/latex/rerunfilecheck/rerunfilecheck.sty
Package: rerunfilecheck 2022-07-10 v1.10 Rerun checks for auxiliary files (HO)
 (/Users/enriquerivera/Library/Application Support/MiKTeX/texmfs/install/tex/generic/uniquecounter/uniquecounter.sty
Package: uniquecounter 2019/12/15 v1.4 Provide unlimited unique counter (HO)
)
Package uniquecounter Info: New unique counter `rerunfilecheck' on input line 285.
)
\Hy@SectionHShift=\skip56
)
Package translations Info: No language package found. I am going to use `english' as default language. on input line 13.
 (/Users/enriquerivera/Library/Application Support/MiKTeX/texmfs/install/tex/latex/graphics/color.sty
Package: color 2024/01/14 v1.3d Standard LaTeX Color (DPC)
 (/Users/enriquerivera/Library/Application Support/MiKTeX/texmfs/install/tex/latex/graphics-cfg/color.cfg
File: color.cfg 2016/01/02 v1.6 sample color configuration
)
Package color Info: Driver file: pdftex.def on input line 149.
 (/Users/enriquerivera/Library/Application Support/MiKTeX/texmfs/install/tex/latex/graphics/mathcolor.ltx)) (/Users/enriquerivera/Library/Application Support/MiKTeX/texmfs/install/tex/latex/l3backend-dev/l3backend-pdftex.def
File: l3backend-pdftex.def 2024-05-08 L3 backend support: PDF output (pdfTeX)
\l__color_backend_stack_int=\count309
\l__pdf_internal_box=\box66
)
No file Report2.aux.
\openout1 = `Report2.aux'.

LaTeX Font Info:    Checking defaults for OML/cmm/m/it on input line 13.
LaTeX Font Info:    ... okay on input line 13.
LaTeX Font Info:    Checking defaults for OMS/cmsy/m/n on input line 13.
LaTeX Font Info:    ... okay on input line 13.
LaTeX Font Info:    Checking defaults for OT1/cmr/m/n on input line 13.
LaTeX Font Info:    ... okay on input line 13.
LaTeX Font Info:    Checking defaults for T1/cmr/m/n on input line 13.
LaTeX Font Info:    ... okay on input line 13.
LaTeX Font Info:    Checking defaults for TS1/cmr/m/n on input line 13.
LaTeX Font Info:    ... okay on input line 13.
LaTeX Font Info:    Checking defaults for OMX/cmex/m/n on input line 13.
LaTeX Font Info:    ... okay on input line 13.
LaTeX Font Info:    Checking defaults for U/cmr/m/n on input line 13.
LaTeX Font Info:    ... okay on input line 13.
LaTeX Font Info:    Checking defaults for PD1/pdf/m/n on input line 13.
LaTeX Font Info:    ... okay on input line 13.
LaTeX Font Info:    Checking defaults for PU/pdf/m/n on input line 13.
LaTeX Font Info:    ... okay on input line 13.
(/Users/enriquerivera/Library/Application Support/MiKTeX/texmfs/install/tex/context/base/mkii/supp-pdf.mkii
[Loading MPS to PDF converter (version 2006.09.02).]
\scratchcounter=\count310
\scratchdimen=\dimen172
\scratchbox=\box67
\nofMPsegments=\count311
\nofMParguments=\count312
\everyMPshowfont=\toks26
\MPscratchCnt=\count313
\MPscratchDim=\dimen173
\MPnumerator=\count314
\makeMPintoPDFobject=\count315
\everyMPtoPDFconversion=\toks27
) (/Users/enriquerivera/Library/Application Support/MiKTeX/texmfs/install/tex/latex/epstopdf-pkg/epstopdf-base.sty
Package: epstopdf-base 2020-01-24 v2.11 Base part for package epstopdf
Package epstopdf-base Info: Redefining graphics rule for `.eps' on input line 485.
 (/Users/enriquerivera/Library/Application Support/MiKTeX/texmfs/install/tex/latex/00miktex/epstopdf-sys.cfg
File: epstopdf-sys.cfg 2021/03/18 v2.0 Configuration of epstopdf for MiKTeX
))
Package caption Info: Begin \AtBeginDocument code.
Package caption Info: hyperref package is loaded.
Package caption Info: End \AtBeginDocument code.
 (/Users/enriquerivera/Library/Application Support/MiKTeX/texmfs/install/tex/latex/translations/dicts/translations-basic-dictionary-english.trsl
File: translations-basic-dictionary-english.trsl (english translation file `translations-basic-dictionary')
)
Package translations Info: loading dictionary `translations-basic-dictionary' for `english'. on input line 13.
Package hyperref Info: Link coloring OFF on input line 13.
\@outlinefile=\write3
\openout3 = `Report2.out'.

<./img/Lab4_1.png, id=3, 943.525pt x 471.7625pt>
File: ./img/Lab4_1.png Graphic file (type png)
<use ./img/Lab4_1.png>
Package pdftex.def Info: ./img/Lab4_1.png  used on input line 46.
(pdftex.def)             Requested size: 310.4979pt x 155.25018pt.


[1

{/Users/enriquerivera/Library/Application Support/MiKTeX/texmfs/data/fonts/map/pdftex/pdftex.map}]

/Users/enriquerivera/Documents/School/Y4S1/Eletronic Techniques/Report 2/LaTex Lab/Report2.tex:52: LaTeX Error: There's no line here to end.

See the LaTeX manual or LaTeX Companion for explanation.
Type  H <return>  for immediate help.
 ...                                              
                                                  
l.52 \newline
             
Your command was ignored.
Type  I <command> <return>  to replace it with another command,
or  <return>  to continue without it.


/Users/enriquerivera/Documents/School/Y4S1/Eletronic Techniques/Report 2/LaTex Lab/Report2.tex:53: LaTeX Error: There's no line here to end.

See the LaTeX manual or LaTeX Companion for explanation.
Type  H <return>  for immediate help.
 ...                                              
                                                  
l.53 \newline
             
Your command was ignored.
Type  I <command> <return>  to replace it with another command,
or  <return>  to continue without it.

<./img/other/Lab4_Circuits.png, id=25, 1043.9pt x 627.34375pt>
File: ./img/other/Lab4_Circuits.png Graphic file (type png)
<use ./img/other/Lab4_Circuits.png>
Package pdftex.def Info: ./img/other/Lab4_Circuits.png  used on input line 61.
(pdftex.def)             Requested size: 310.4979pt x 186.59639pt.
<./img/Lab4_2_1.png, id=26, 803.0pt x 481.8pt>
File: ./img/Lab4_2_1.png Graphic file (type png)
<use ./img/Lab4_2_1.png>
Package pdftex.def Info: ./img/Lab4_2_1.png  used on input line 68.
(pdftex.def)             Requested size: 310.4979pt x 186.29857pt.


[2 <./img/Lab4_1.png> <./img/other/Lab4_Circuits.png>]
Overfull \hbox (5.27846pt too wide) in paragraph at lines 80--83
\OT1/cmr/m/n/10 (Vin) is sinusoidal, and the blue waveform (Vout) shows clipping at approximately
 []

<./img/Lab4_2_2.png, id=35, 803.0pt x 481.8pt>
File: ./img/Lab4_2_2.png Graphic file (type png)
<use ./img/Lab4_2_2.png>
Package pdftex.def Info: ./img/Lab4_2_2.png  used on input line 86.
(pdftex.def)             Requested size: 310.4979pt x 186.29857pt.


[3 <./img/Lab4_2_1.png> <./img/Lab4_2_2.png>]
<./img/Lab4_2_3.png, id=42, 803.0pt x 481.8pt>
File: ./img/Lab4_2_3.png Graphic file (type png)
<use ./img/Lab4_2_3.png>
Package pdftex.def Info: ./img/Lab4_2_3.png  used on input line 100.
(pdftex.def)             Requested size: 310.4979pt x 186.29857pt.
<./img/Lab4_2_4.png, id=43, 803.0pt x 481.8pt>
File: ./img/Lab4_2_4.png Graphic file (type png)
<use ./img/Lab4_2_4.png>
Package pdftex.def Info: ./img/Lab4_2_4.png  used on input line 116.
(pdftex.def)             Requested size: 310.4979pt x 186.29857pt.


[4 <./img/Lab4_2_3.png>]
Overfull \hbox (3.83395pt too wide) in paragraph at lines 123--125
\OT1/cmr/m/n/10 of Vin, but it may conduct slightly during negative cycles if the reverse breakdown
 []


Underfull \hbox (badness 10000) in paragraph at lines 126--129

 []


Underfull \hbox (badness 10000) in paragraph at lines 126--129

 []

<./img/other/Lab4_3.png, id=49, 440.64626pt x 234.8775pt>
File: ./img/other/Lab4_3.png Graphic file (type png)
<use ./img/other/Lab4_3.png>
Package pdftex.def Info: ./img/other/Lab4_3.png  used on input line 134.
(pdftex.def)             Requested size: 310.4979pt x 165.50981pt.


[5 <./img/Lab4_2_4.png>]
<./img/Lab4_3_1v.png, id=55, 803.0pt x 481.8pt>
File: ./img/Lab4_3_1v.png Graphic file (type png)
<use ./img/Lab4_3_1v.png>
Package pdftex.def Info: ./img/Lab4_3_1v.png  used on input line 141.
(pdftex.def)             Requested size: 310.4979pt x 186.29857pt.
<./img/Lab4_3_3.5v.png, id=56, 803.0pt x 481.8pt>
File: ./img/Lab4_3_3.5v.png Graphic file (type png)
<use ./img/Lab4_3_3.5v.png>
Package pdftex.def Info: ./img/Lab4_3_3.5v.png  used on input line 148.
(pdftex.def)             Requested size: 310.4979pt x 186.29857pt.


/Users/enriquerivera/Documents/School/Y4S1/Eletronic Techniques/Report 2/LaTex Lab/Report2.tex:152: LaTeX Error: There's no line here to end.

See the LaTeX manual or LaTeX Companion for explanation.
Type  H <return>  for immediate help.
 ...                                              
                                                  
l.152 \newline
              
Your command was ignored.
Type  I <command> <return>  to replace it with another command,
or  <return>  to continue without it.


/Users/enriquerivera/Documents/School/Y4S1/Eletronic Techniques/Report 2/LaTex Lab/Report2.tex:153: LaTeX Error: There's no line here to end.

See the LaTeX manual or LaTeX Companion for explanation.
Type  H <return>  for immediate help.
 ...                                              
                                                  
l.153 \newline
              
Your command was ignored.
Type  I <command> <return>  to replace it with another command,
or  <return>  to continue without it.



[6 <./img/other/Lab4_3.png> <./img/Lab4_3_1v.png>]
<./img/other/Lab4_4.png, id=64, 467.7475pt x 221.82875pt>
File: ./img/other/Lab4_4.png Graphic file (type png)
<use ./img/other/Lab4_4.png>
Package pdftex.def Info: ./img/other/Lab4_4.png  used on input line 158.
(pdftex.def)             Requested size: 310.4979pt x 147.26039pt.
<./img/Lab4_4.png, id=65, 803.0pt x 481.8pt>
File: ./img/Lab4_4.png Graphic file (type png)
<use ./img/Lab4_4.png>
Package pdftex.def Info: ./img/Lab4_4.png  used on input line 165.
(pdftex.def)             Requested size: 310.4979pt x 186.29857pt.


[7 <./img/Lab4_3_3.5v.png> <./img/other/Lab4_4.png>]
<./img/other/Lab4_5.png, id=74, 524.96124pt x 246.9225pt>
File: ./img/other/Lab4_5.png Graphic file (type png)
<use ./img/other/Lab4_5.png>
Package pdftex.def Info: ./img/other/Lab4_5.png  used on input line 184.
(pdftex.def)             Requested size: 310.4979pt x 146.05223pt.


[8 <./img/Lab4_4.png> <./img/other/Lab4_5.png>]
<./img/Lab4_5.png, id=82, 714.7503pt x 426.393pt>
File: ./img/Lab4_5.png Graphic file (type png)
<use ./img/Lab4_5.png>
Package pdftex.def Info: ./img/Lab4_5.png  used on input line 226.
(pdftex.def)             Requested size: 310.4979pt x 185.23872pt.
<./img/other/Lab4_6.png, id=83, 438.63875pt x 317.185pt>
File: ./img/other/Lab4_6.png Graphic file (type png)
<use ./img/other/Lab4_6.png>
Package pdftex.def Info: ./img/other/Lab4_6.png  used on input line 236.
(pdftex.def)             Requested size: 310.4979pt x 224.53017pt.


[9 <./img/Lab4_5.png>]
/Users/enriquerivera/Documents/School/Y4S1/Eletronic Techniques/Report 2/LaTex Lab/Report2.tex:249: You can't use `macro parameter character #' in vertical mode.
l.249 #
       ## Measured I-V Data:
Sorry, but I'm not programmed to handle this case;
I'll just pretend that you didn't ask for it.
If you're in the wrong mode, you might be able to
return to the right one by typing `I}' or `I$' or `I\par'.

/Users/enriquerivera/Documents/School/Y4S1/Eletronic Techniques/Report 2/LaTex Lab/Report2.tex:249: You can't use `macro parameter character #' in vertical mode.
l.249 ##
        # Measured I-V Data:
Sorry, but I'm not programmed to handle this case;
I'll just pretend that you didn't ask for it.
If you're in the wrong mode, you might be able to
return to the right one by typing `I}' or `I$' or `I\par'.

/Users/enriquerivera/Documents/School/Y4S1/Eletronic Techniques/Report 2/LaTex Lab/Report2.tex:249: You can't use `macro parameter character #' in vertical mode.
l.249 ###
          Measured I-V Data:
Sorry, but I'm not programmed to handle this case;
I'll just pretend that you didn't ask for it.
If you're in the wrong mode, you might be able to
return to the right one by typing `I}' or `I$' or `I\par'.

/Users/enriquerivera/Documents/School/Y4S1/Eletronic Techniques/Report 2/LaTex Lab/Report2.tex:273: You can't use `macro parameter character #' in vertical mode.
l.273 #
       ## Maximum Current:
Sorry, but I'm not programmed to handle this case;
I'll just pretend that you didn't ask for it.
If you're in the wrong mode, you might be able to
return to the right one by typing `I}' or `I$' or `I\par'.

/Users/enriquerivera/Documents/School/Y4S1/Eletronic Techniques/Report 2/LaTex Lab/Report2.tex:273: You can't use `macro parameter character #' in vertical mode.
l.273 ##
        # Maximum Current:
Sorry, but I'm not programmed to handle this case;
I'll just pretend that you didn't ask for it.
If you're in the wrong mode, you might be able to
return to the right one by typing `I}' or `I$' or `I\par'.

/Users/enriquerivera/Documents/School/Y4S1/Eletronic Techniques/Report 2/LaTex Lab/Report2.tex:273: You can't use `macro parameter character #' in vertical mode.
l.273 ###
          Maximum Current:
Sorry, but I'm not programmed to handle this case;
I'll just pretend that you didn't ask for it.
If you're in the wrong mode, you might be able to
return to the right one by typing `I}' or `I$' or `I\par'.

<./img/Lab4_6.png, id=92, 714.7503pt x 426.393pt>
File: ./img/Lab4_6.png Graphic file (type png)
<use ./img/Lab4_6.png>
Package pdftex.def Info: ./img/Lab4_6.png  used on input line 278.
(pdftex.def)             Requested size: 310.4979pt x 185.23872pt.


[10 <./img/other/Lab4_6.png>]

[11 <./img/Lab4_6.png>]
/Users/enriquerivera/Documents/School/Y4S1/Eletronic Techniques/Report 2/LaTex Lab/Report2.tex:321: You can't use `macro parameter character #' in vertical mode.
l.321 #
       ## Explanation:
Sorry, but I'm not programmed to handle this case;
I'll just pretend that you didn't ask for it.
If you're in the wrong mode, you might be able to
return to the right one by typing `I}' or `I$' or `I\par'.

/Users/enriquerivera/Documents/School/Y4S1/Eletronic Techniques/Report 2/LaTex Lab/Report2.tex:321: You can't use `macro parameter character #' in vertical mode.
l.321 ##
        # Explanation:
Sorry, but I'm not programmed to handle this case;
I'll just pretend that you didn't ask for it.
If you're in the wrong mode, you might be able to
return to the right one by typing `I}' or `I$' or `I\par'.

/Users/enriquerivera/Documents/School/Y4S1/Eletronic Techniques/Report 2/LaTex Lab/Report2.tex:321: You can't use `macro parameter character #' in vertical mode.
l.321 ###
          Explanation:
Sorry, but I'm not programmed to handle this case;
I'll just pretend that you didn't ask for it.
If you're in the wrong mode, you might be able to
return to the right one by typing `I}' or `I$' or `I\par'.


Underfull \hbox (badness 10000) in paragraph at lines 321--324

 []


Underfull \hbox (badness 10000) in paragraph at lines 321--324

 []


Underfull \hbox (badness 10000) in paragraph at lines 327--329

 []


Underfull \hbox (badness 10000) in paragraph at lines 327--329

 []


Underfull \hbox (badness 10000) in paragraph at lines 330--332

 []


Underfull \hbox (badness 10000) in paragraph at lines 330--332

 []

/Users/enriquerivera/Documents/School/Y4S1/Eletronic Techniques/Report 2/LaTex Lab/Report2.tex:338: You can't use `macro parameter character #' in horizontal mode.
<recently read> ##
                  
l.338 #
       ## Case A: \\
Sorry, but I'm not programmed to handle this case;
I'll just pretend that you didn't ask for it.
If you're in the wrong mode, you might be able to
return to the right one by typing `I}' or `I$' or `I\par'.

/Users/enriquerivera/Documents/School/Y4S1/Eletronic Techniques/Report 2/LaTex Lab/Report2.tex:338: You can't use `macro parameter character #' in horizontal mode.
l.338 ##
        # Case A: \\
Sorry, but I'm not programmed to handle this case;
I'll just pretend that you didn't ask for it.
If you're in the wrong mode, you might be able to
return to the right one by typing `I}' or `I$' or `I\par'.

/Users/enriquerivera/Documents/School/Y4S1/Eletronic Techniques/Report 2/LaTex Lab/Report2.tex:338: You can't use `macro parameter character #' in horizontal mode.
l.338 ###
          Case A: \\
Sorry, but I'm not programmed to handle this case;
I'll just pretend that you didn't ask for it.
If you're in the wrong mode, you might be able to
return to the right one by typing `I}' or `I$' or `I\par'.


Underfull \hbox (badness 10000) in paragraph at lines 336--340

 []


/Users/enriquerivera/Documents/School/Y4S1/Eletronic Techniques/Report 2/LaTex Lab/Report2.tex:347: LaTeX Error: There's no line here to end.

See the LaTeX manual or LaTeX Companion for explanation.
Type  H <return>  for immediate help.
 ...                                              
                                                  
l.347 T
       he base current \( I_B \) was set to 20 \(\mu A\), and we varied \( V...
Your command was ignored.
Type  I <command> <return>  to replace it with another command,
or  <return>  to continue without it.



[12]
/Users/enriquerivera/Documents/School/Y4S1/Eletronic Techniques/Report 2/LaTex Lab/Report2.tex:369: You can't use `macro parameter character #' in horizontal mode.
<recently read> ##
                  
l.369 #
       ## Case B: \\
Sorry, but I'm not programmed to handle this case;
I'll just pretend that you didn't ask for it.
If you're in the wrong mode, you might be able to
return to the right one by typing `I}' or `I$' or `I\par'.

/Users/enriquerivera/Documents/School/Y4S1/Eletronic Techniques/Report 2/LaTex Lab/Report2.tex:369: You can't use `macro parameter character #' in horizontal mode.
l.369 ##
        # Case B: \\
Sorry, but I'm not programmed to handle this case;
I'll just pretend that you didn't ask for it.
If you're in the wrong mode, you might be able to
return to the right one by typing `I}' or `I$' or `I\par'.

/Users/enriquerivera/Documents/School/Y4S1/Eletronic Techniques/Report 2/LaTex Lab/Report2.tex:369: You can't use `macro parameter character #' in horizontal mode.
l.369 ###
          Case B: \\
Sorry, but I'm not programmed to handle this case;
I'll just pretend that you didn't ask for it.
If you're in the wrong mode, you might be able to
return to the right one by typing `I}' or `I$' or `I\par'.


Underfull \hbox (badness 10000) in paragraph at lines 367--371

 []

/Users/enriquerivera/Documents/School/Y4S1/Eletronic Techniques/Report 2/LaTex Lab/Report2.tex:399: You can't use `macro parameter character #' in horizontal mode.
<recently read> ##
                  
l.399 #
       ## Analysis:
Sorry, but I'm not programmed to handle this case;
I'll just pretend that you didn't ask for it.
If you're in the wrong mode, you might be able to
return to the right one by typing `I}' or `I$' or `I\par'.

/Users/enriquerivera/Documents/School/Y4S1/Eletronic Techniques/Report 2/LaTex Lab/Report2.tex:399: You can't use `macro parameter character #' in horizontal mode.
l.399 ##
        # Analysis:
Sorry, but I'm not programmed to handle this case;
I'll just pretend that you didn't ask for it.
If you're in the wrong mode, you might be able to
return to the right one by typing `I}' or `I$' or `I\par'.

/Users/enriquerivera/Documents/School/Y4S1/Eletronic Techniques/Report 2/LaTex Lab/Report2.tex:399: You can't use `macro parameter character #' in horizontal mode.
l.399 ###
          Analysis:
Sorry, but I'm not programmed to handle this case;
I'll just pretend that you didn't ask for it.
If you're in the wrong mode, you might be able to
return to the right one by typing `I}' or `I$' or `I\par'.

/Users/enriquerivera/Documents/School/Y4S1/Eletronic Techniques/Report 2/LaTex Lab/Report2.tex:409: You can't use `macro parameter character #' in horizontal mode.
<recently read> ##
                  
l.409 #
       ## Graph:
Sorry, but I'm not programmed to handle this case;
I'll just pretend that you didn't ask for it.
If you're in the wrong mode, you might be able to
return to the right one by typing `I}' or `I$' or `I\par'.

/Users/enriquerivera/Documents/School/Y4S1/Eletronic Techniques/Report 2/LaTex Lab/Report2.tex:409: You can't use `macro parameter character #' in horizontal mode.
l.409 ##
        # Graph:
Sorry, but I'm not programmed to handle this case;
I'll just pretend that you didn't ask for it.
If you're in the wrong mode, you might be able to
return to the right one by typing `I}' or `I$' or `I\par'.

/Users/enriquerivera/Documents/School/Y4S1/Eletronic Techniques/Report 2/LaTex Lab/Report2.tex:409: You can't use `macro parameter character #' in horizontal mode.
l.409 ###
          Graph:
Sorry, but I'm not programmed to handle this case;
I'll just pretend that you didn't ask for it.
If you're in the wrong mode, you might be able to
return to the right one by typing `I}' or `I$' or `I\par'.

<./img/Lab5_2Plot.png, id=114, 714.7503pt x 426.393pt>
File: ./img/Lab5_2Plot.png Graphic file (type png)
<use ./img/Lab5_2Plot.png>
Package pdftex.def Info: ./img/Lab5_2Plot.png  used on input line 412.
(pdftex.def)             Requested size: 310.4979pt x 185.23872pt.

Underfull \hbox (badness 10000) in paragraph at lines 397--415

 []



[13]

/Users/enriquerivera/Documents/School/Y4S1/Eletronic Techniques/Report 2/LaTex Lab/Report2.tex:416: LaTeX Error: There's no line here to end.

See the LaTeX manual or LaTeX Companion for explanation.
Type  H <return>  for immediate help.
 ...                                              
                                                  
l.416 \\ \\
           
Your command was ignored.
Type  I <command> <return>  to replace it with another command,
or  <return>  to continue without it.


/Users/enriquerivera/Documents/School/Y4S1/Eletronic Techniques/Report 2/LaTex Lab/Report2.tex:417: LaTeX Error: There's no line here to end.

See the LaTeX manual or LaTeX Companion for explanation.
Type  H <return>  for immediate help.
 ...                                              
                                                  
l.417 
      
Your command was ignored.
Type  I <command> <return>  to replace it with another command,
or  <return>  to continue without it.

/Users/enriquerivera/Documents/School/Y4S1/Eletronic Techniques/Report 2/LaTex Lab/Report2.tex:421: You can't use `macro parameter character #' in horizontal mode.
<recently read> ##
                  
l.421 #
       ## Case A: \\
Sorry, but I'm not programmed to handle this case;
I'll just pretend that you didn't ask for it.
If you're in the wrong mode, you might be able to
return to the right one by typing `I}' or `I$' or `I\par'.

/Users/enriquerivera/Documents/School/Y4S1/Eletronic Techniques/Report 2/LaTex Lab/Report2.tex:421: You can't use `macro parameter character #' in horizontal mode.
l.421 ##
        # Case A: \\
Sorry, but I'm not programmed to handle this case;
I'll just pretend that you didn't ask for it.
If you're in the wrong mode, you might be able to
return to the right one by typing `I}' or `I$' or `I\par'.

/Users/enriquerivera/Documents/School/Y4S1/Eletronic Techniques/Report 2/LaTex Lab/Report2.tex:421: You can't use `macro parameter character #' in horizontal mode.
l.421 ###
          Case A: \\
Sorry, but I'm not programmed to handle this case;
I'll just pretend that you didn't ask for it.
If you're in the wrong mode, you might be able to
return to the right one by typing `I}' or `I$' or `I\par'.


Underfull \hbox (badness 10000) in paragraph at lines 419--424

 []

/Users/enriquerivera/Documents/School/Y4S1/Eletronic Techniques/Report 2/LaTex Lab/Report2.tex:430: You can't use `macro parameter character #' in horizontal mode.
<recently read> ##
                  
l.430 #
       ## Case B: \\
Sorry, but I'm not programmed to handle this case;
I'll just pretend that you didn't ask for it.
If you're in the wrong mode, you might be able to
return to the right one by typing `I}' or `I$' or `I\par'.

/Users/enriquerivera/Documents/School/Y4S1/Eletronic Techniques/Report 2/LaTex Lab/Report2.tex:430: You can't use `macro parameter character #' in horizontal mode.
l.430 ##
        # Case B: \\
Sorry, but I'm not programmed to handle this case;
I'll just pretend that you didn't ask for it.
If you're in the wrong mode, you might be able to
return to the right one by typing `I}' or `I$' or `I\par'.

/Users/enriquerivera/Documents/School/Y4S1/Eletronic Techniques/Report 2/LaTex Lab/Report2.tex:430: You can't use `macro parameter character #' in horizontal mode.
l.430 ###
          Case B: \\
Sorry, but I'm not programmed to handle this case;
I'll just pretend that you didn't ask for it.
If you're in the wrong mode, you might be able to
return to the right one by typing `I}' or `I$' or `I\par'.


Underfull \hbox (badness 10000) in paragraph at lines 426--433

 []


Underfull \hbox (badness 10000) in paragraph at lines 426--433

 []

/Users/enriquerivera/Documents/School/Y4S1/Eletronic Techniques/Report 2/LaTex Lab/Report2.tex:439: You can't use `macro parameter character #' in horizontal mode.
<recently read> ##
                  
l.439 #
       ## Conclusion:
Sorry, but I'm not programmed to handle this case;
I'll just pretend that you didn't ask for it.
If you're in the wrong mode, you might be able to
return to the right one by typing `I}' or `I$' or `I\par'.

/Users/enriquerivera/Documents/School/Y4S1/Eletronic Techniques/Report 2/LaTex Lab/Report2.tex:439: You can't use `macro parameter character #' in horizontal mode.
l.439 ##
        # Conclusion:
Sorry, but I'm not programmed to handle this case;
I'll just pretend that you didn't ask for it.
If you're in the wrong mode, you might be able to
return to the right one by typing `I}' or `I$' or `I\par'.

/Users/enriquerivera/Documents/School/Y4S1/Eletronic Techniques/Report 2/LaTex Lab/Report2.tex:439: You can't use `macro parameter character #' in horizontal mode.
l.439 ###
          Conclusion:
Sorry, but I'm not programmed to handle this case;
I'll just pretend that you didn't ask for it.
If you're in the wrong mode, you might be able to
return to the right one by typing `I}' or `I$' or `I\par'.


Underfull \hbox (badness 10000) in paragraph at lines 435--443

 []



[14 <./img/Lab5_2Plot.png>]
/Users/enriquerivera/Documents/School/Y4S1/Eletronic Techniques/Report 2/LaTex Lab/Report2.tex:444: You can't use `macro parameter character #' in vertical mode.
l.444 #
       ## Graph:
Sorry, but I'm not programmed to handle this case;
I'll just pretend that you didn't ask for it.
If you're in the wrong mode, you might be able to
return to the right one by typing `I}' or `I$' or `I\par'.

/Users/enriquerivera/Documents/School/Y4S1/Eletronic Techniques/Report 2/LaTex Lab/Report2.tex:444: You can't use `macro parameter character #' in vertical mode.
l.444 ##
        # Graph:
Sorry, but I'm not programmed to handle this case;
I'll just pretend that you didn't ask for it.
If you're in the wrong mode, you might be able to
return to the right one by typing `I}' or `I$' or `I\par'.

/Users/enriquerivera/Documents/School/Y4S1/Eletronic Techniques/Report 2/LaTex Lab/Report2.tex:444: You can't use `macro parameter character #' in vertical mode.
l.444 ###
          Graph:
Sorry, but I'm not programmed to handle this case;
I'll just pretend that you didn't ask for it.
If you're in the wrong mode, you might be able to
return to the right one by typing `I}' or `I$' or `I\par'.

<./img/Lab5_3.png, id=126, 714.7503pt x 426.393pt>
File: ./img/Lab5_3.png Graphic file (type png)
<use ./img/Lab5_3.png>
Package pdftex.def Info: ./img/Lab5_3.png  used on input line 447.
(pdftex.def)             Requested size: 310.4979pt x 185.23872pt.

Underfull \hbox (badness 10000) in paragraph at lines 452--456

 []

/Users/enriquerivera/Documents/School/Y4S1/Eletronic Techniques/Report 2/LaTex Lab/Report2.tex:460: You can't use `macro parameter character #' in horizontal mode.
<recently read> ##
                  
l.460 #
       ## Graphs:
Sorry, but I'm not programmed to handle this case;
I'll just pretend that you didn't ask for it.
If you're in the wrong mode, you might be able to
return to the right one by typing `I}' or `I$' or `I\par'.

/Users/enriquerivera/Documents/School/Y4S1/Eletronic Techniques/Report 2/LaTex Lab/Report2.tex:460: You can't use `macro parameter character #' in horizontal mode.
l.460 ##
        # Graphs:
Sorry, but I'm not programmed to handle this case;
I'll just pretend that you didn't ask for it.
If you're in the wrong mode, you might be able to
return to the right one by typing `I}' or `I$' or `I\par'.

/Users/enriquerivera/Documents/School/Y4S1/Eletronic Techniques/Report 2/LaTex Lab/Report2.tex:460: You can't use `macro parameter character #' in horizontal mode.
l.460 ###
          Graphs:
Sorry, but I'm not programmed to handle this case;
I'll just pretend that you didn't ask for it.
If you're in the wrong mode, you might be able to
return to the right one by typing `I}' or `I$' or `I\par'.

<./img/Lab5_4_linear.png, id=127, 1076.823pt x 426.393pt>
File: ./img/Lab5_4_linear.png Graphic file (type png)
<use ./img/Lab5_4_linear.png>
Package pdftex.def Info: ./img/Lab5_4_linear.png  used on input line 466.
(pdftex.def)             Requested size: 310.4979pt x 122.94812pt.

Underfull \hbox (badness 10000) in paragraph at lines 458--469

 []


Underfull \hbox (badness 10000) in paragraph at lines 458--469

 []


Underfull \hbox (badness 10000) in paragraph at lines 458--469

 []


Underfull \hbox (badness 10000) in paragraph at lines 458--469

 []



[15 <./img/Lab5_3.png>]
<./img/Lab5_4_Log.png, id=135, 1076.1003pt x 426.393pt>
File: ./img/Lab5_4_Log.png Graphic file (type png)
<use ./img/Lab5_4_Log.png>
Package pdftex.def Info: ./img/Lab5_4_Log.png  used on input line 475.
(pdftex.def)             Requested size: 310.4979pt x 123.0262pt.

Underfull \hbox (badness 10000) in paragraph at lines 471--478

 []


Underfull \hbox (badness 10000) in paragraph at lines 471--478

 []

/Users/enriquerivera/Documents/School/Y4S1/Eletronic Techniques/Report 2/LaTex Lab/Report2.tex:481: You can't use `macro parameter character #' in vertical mode.
l.481 #
       ## Conclusion:
Sorry, but I'm not programmed to handle this case;
I'll just pretend that you didn't ask for it.
If you're in the wrong mode, you might be able to
return to the right one by typing `I}' or `I$' or `I\par'.

/Users/enriquerivera/Documents/School/Y4S1/Eletronic Techniques/Report 2/LaTex Lab/Report2.tex:481: You can't use `macro parameter character #' in vertical mode.
l.481 ##
        # Conclusion:
Sorry, but I'm not programmed to handle this case;
I'll just pretend that you didn't ask for it.
If you're in the wrong mode, you might be able to
return to the right one by typing `I}' or `I$' or `I\par'.

/Users/enriquerivera/Documents/School/Y4S1/Eletronic Techniques/Report 2/LaTex Lab/Report2.tex:481: You can't use `macro parameter character #' in vertical mode.
l.481 ###
          Conclusion:
Sorry, but I'm not programmed to handle this case;
I'll just pretend that you didn't ask for it.
If you're in the wrong mode, you might be able to
return to the right one by typing `I}' or `I$' or `I\par'.


Underfull \hbox (badness 10000) in paragraph at lines 481--484

 []


Underfull \hbox (badness 10000) in paragraph at lines 481--484

 []


Underfull \hbox (badness 10000) in paragraph at lines 485--488

 []


Overfull \hbox (3.18585pt too wide) in paragraph at lines 485--488
\OT1/cmr/m/n/10 different input amplitudes. Below is an analysis based on the circuit configuration
 []


/Users/enriquerivera/Documents/School/Y4S1/Eletronic Techniques/Report 2/LaTex Lab/Report2.tex:490: LaTeX Error: There's no line here to end.

See the LaTeX manual or LaTeX Companion for explanation.
Type  H <return>  for immediate help.
 ...                                              
                                                  
l.490 #
       ## Circuit Parameters:
Your command was ignored.
Type  I <command> <return>  to replace it with another command,
or  <return>  to continue without it.

/Users/enriquerivera/Documents/School/Y4S1/Eletronic Techniques/Report 2/LaTex Lab/Report2.tex:490: You can't use `macro parameter character #' in vertical mode.
<recently read> ##
                  
l.490 #
       ## Circuit Parameters:
Sorry, but I'm not programmed to handle this case;
I'll just pretend that you didn't ask for it.
If you're in the wrong mode, you might be able to
return to the right one by typing `I}' or `I$' or `I\par'.

/Users/enriquerivera/Documents/School/Y4S1/Eletronic Techniques/Report 2/LaTex Lab/Report2.tex:490: You can't use `macro parameter character #' in vertical mode.
l.490 ##
        # Circuit Parameters:
Sorry, but I'm not programmed to handle this case;
I'll just pretend that you didn't ask for it.
If you're in the wrong mode, you might be able to
return to the right one by typing `I}' or `I$' or `I\par'.

/Users/enriquerivera/Documents/School/Y4S1/Eletronic Techniques/Report 2/LaTex Lab/Report2.tex:490: You can't use `macro parameter character #' in vertical mode.
l.490 ###
          Circuit Parameters:
Sorry, but I'm not programmed to handle this case;
I'll just pretend that you didn't ask for it.
If you're in the wrong mode, you might be able to
return to the right one by typing `I}' or `I$' or `I\par'.

/Users/enriquerivera/Documents/School/Y4S1/Eletronic Techniques/Report 2/LaTex Lab/Report2.tex:496: You can't use `macro parameter character #' in horizontal mode.
<recently read> ##
                  
l.496 #
       ## Initial Input Amplitude (Less than 0.7V): \\ \\
Sorry, but I'm not programmed to handle this case;
I'll just pretend that you didn't ask for it.
If you're in the wrong mode, you might be able to
return to the right one by typing `I}' or `I$' or `I\par'.

/Users/enriquerivera/Documents/School/Y4S1/Eletronic Techniques/Report 2/LaTex Lab/Report2.tex:496: You can't use `macro parameter character #' in horizontal mode.
l.496 ##
        # Initial Input Amplitude (Less than 0.7V): \\ \\
Sorry, but I'm not programmed to handle this case;
I'll just pretend that you didn't ask for it.
If you're in the wrong mode, you might be able to
return to the right one by typing `I}' or `I$' or `I\par'.

/Users/enriquerivera/Documents/School/Y4S1/Eletronic Techniques/Report 2/LaTex Lab/Report2.tex:496: You can't use `macro parameter character #' in horizontal mode.
l.496 ###
          Initial Input Amplitude (Less than 0.7V): \\ \\
Sorry, but I'm not programmed to handle this case;
I'll just pretend that you didn't ask for it.
If you're in the wrong mode, you might be able to
return to the right one by typing `I}' or `I$' or `I\par'.


Underfull \hbox (badness 10000) in paragraph at lines 490--502

 []


Underfull \hbox (badness 10000) in paragraph at lines 490--502

 []


Underfull \hbox (badness 10000) in paragraph at lines 490--502

 []


Underfull \hbox (badness 10000) in paragraph at lines 490--502

 []


Underfull \hbox (badness 10000) in paragraph at lines 490--502

 []


Underfull \hbox (badness 10000) in paragraph at lines 490--502

 []


Underfull \hbox (badness 10000) in paragraph at lines 490--502

 []


Underfull \hbox (badness 10000) in paragraph at lines 490--502

 []



[16 <./img/Lab5_4_linear.png> <./img/Lab5_4_Log.png>]
<./img/Lab5_5_Below.png, id=144, 714.7503pt x 426.393pt>
File: ./img/Lab5_5_Below.png Graphic file (type png)
<use ./img/Lab5_5_Below.png>
Package pdftex.def Info: ./img/Lab5_5_Below.png  used on input line 505.
(pdftex.def)             Requested size: 310.4979pt x 185.23872pt.


/Users/enriquerivera/Documents/School/Y4S1/Eletronic Techniques/Report 2/LaTex Lab/Report2.tex:509: LaTeX Error: There's no line here to end.

See the LaTeX manual or LaTeX Companion for explanation.
Type  H <return>  for immediate help.
 ...                                              
                                                  
l.509 \\ \\
           
Your command was ignored.
Type  I <command> <return>  to replace it with another command,
or  <return>  to continue without it.


/Users/enriquerivera/Documents/School/Y4S1/Eletronic Techniques/Report 2/LaTex Lab/Report2.tex:510: LaTeX Error: There's no line here to end.

See the LaTeX manual or LaTeX Companion for explanation.
Type  H <return>  for immediate help.
 ...                                              
                                                  
l.510 
      
Your command was ignored.
Type  I <command> <return>  to replace it with another command,
or  <return>  to continue without it.

/Users/enriquerivera/Documents/School/Y4S1/Eletronic Techniques/Report 2/LaTex Lab/Report2.tex:511: You can't use `macro parameter character #' in vertical mode.
l.511 #
       ## Input Amplitude Greater than 0.7V: \\ \\
Sorry, but I'm not programmed to handle this case;
I'll just pretend that you didn't ask for it.
If you're in the wrong mode, you might be able to
return to the right one by typing `I}' or `I$' or `I\par'.

/Users/enriquerivera/Documents/School/Y4S1/Eletronic Techniques/Report 2/LaTex Lab/Report2.tex:511: You can't use `macro parameter character #' in vertical mode.
l.511 ##
        # Input Amplitude Greater than 0.7V: \\ \\
Sorry, but I'm not programmed to handle this case;
I'll just pretend that you didn't ask for it.
If you're in the wrong mode, you might be able to
return to the right one by typing `I}' or `I$' or `I\par'.

/Users/enriquerivera/Documents/School/Y4S1/Eletronic Techniques/Report 2/LaTex Lab/Report2.tex:511: You can't use `macro parameter character #' in vertical mode.
l.511 ###
          Input Amplitude Greater than 0.7V: \\ \\
Sorry, but I'm not programmed to handle this case;
I'll just pretend that you didn't ask for it.
If you're in the wrong mode, you might be able to
return to the right one by typing `I}' or `I$' or `I\par'.


Underfull \hbox (badness 10000) in paragraph at lines 511--516

 []


Underfull \hbox (badness 10000) in paragraph at lines 511--516

 []


Underfull \hbox (badness 10000) in paragraph at lines 511--516

 []


Underfull \hbox (badness 10000) in paragraph at lines 511--516

 []


Underfull \hbox (badness 10000) in paragraph at lines 511--516

 []

<./img/Lab5_5_Above.png, id=145, 714.7503pt x 426.393pt>
File: ./img/Lab5_5_Above.png Graphic file (type png)
<use ./img/Lab5_5_Above.png>
Package pdftex.def Info: ./img/Lab5_5_Above.png  used on input line 519.
(pdftex.def)             Requested size: 310.4979pt x 185.23872pt.


[17 <./img/Lab5_5_Below.png>]

/Users/enriquerivera/Documents/School/Y4S1/Eletronic Techniques/Report 2/LaTex Lab/Report2.tex:523: LaTeX Error: There's no line here to end.

See the LaTeX manual or LaTeX Companion for explanation.
Type  H <return>  for immediate help.
 ...                                              
                                                  
l.523 \\ \\
           
Your command was ignored.
Type  I <command> <return>  to replace it with another command,
or  <return>  to continue without it.


/Users/enriquerivera/Documents/School/Y4S1/Eletronic Techniques/Report 2/LaTex Lab/Report2.tex:524: LaTeX Error: There's no line here to end.

See the LaTeX manual or LaTeX Companion for explanation.
Type  H <return>  for immediate help.
 ...                                              
                                                  
l.524 
      
Your command was ignored.
Type  I <command> <return>  to replace it with another command,
or  <return>  to continue without it.

/Users/enriquerivera/Documents/School/Y4S1/Eletronic Techniques/Report 2/LaTex Lab/Report2.tex:525: You can't use `macro parameter character #' in vertical mode.
l.525 #
       ## Explanation: \\ \\
Sorry, but I'm not programmed to handle this case;
I'll just pretend that you didn't ask for it.
If you're in the wrong mode, you might be able to
return to the right one by typing `I}' or `I$' or `I\par'.

/Users/enriquerivera/Documents/School/Y4S1/Eletronic Techniques/Report 2/LaTex Lab/Report2.tex:525: You can't use `macro parameter character #' in vertical mode.
l.525 ##
        # Explanation: \\ \\
Sorry, but I'm not programmed to handle this case;
I'll just pretend that you didn't ask for it.
If you're in the wrong mode, you might be able to
return to the right one by typing `I}' or `I$' or `I\par'.

/Users/enriquerivera/Documents/School/Y4S1/Eletronic Techniques/Report 2/LaTex Lab/Report2.tex:525: You can't use `macro parameter character #' in vertical mode.
l.525 ###
          Explanation: \\ \\
Sorry, but I'm not programmed to handle this case;
I'll just pretend that you didn't ask for it.
If you're in the wrong mode, you might be able to
return to the right one by typing `I}' or `I$' or `I\par'.


Underfull \hbox (badness 10000) in paragraph at lines 525--529

 []


Underfull \hbox (badness 10000) in paragraph at lines 525--529

 []


/Users/enriquerivera/Documents/School/Y4S1/Eletronic Techniques/Report 2/LaTex Lab/Report2.tex:530: LaTeX Error: There's no line here to end.

See the LaTeX manual or LaTeX Companion for explanation.
Type  H <return>  for immediate help.
 ...                                              
                                                  
l.530 \\ \\
           
Your command was ignored.
Type  I <command> <return>  to replace it with another command,
or  <return>  to continue without it.


/Users/enriquerivera/Documents/School/Y4S1/Eletronic Techniques/Report 2/LaTex Lab/Report2.tex:531: LaTeX Error: There's no line here to end.

See the LaTeX manual or LaTeX Companion for explanation.
Type  H <return>  for immediate help.
 ...                                              
                                                  
l.531 6
       . \textbf{Undistorted Sine Wave}:
Your command was ignored.
Type  I <command> <return>  to replace it with another command,
or  <return>  to continue without it.


Underfull \hbox (badness 10000) in paragraph at lines 531--533

 []


Underfull \hbox (badness 10000) in paragraph at lines 531--533

 []


Underfull \hbox (badness 10000) in paragraph at lines 534--535

 []


/Users/enriquerivera/Documents/School/Y4S1/Eletronic Techniques/Report 2/LaTex Lab/Report2.tex:540: LaTeX Error: There's no line here to end.

See the LaTeX manual or LaTeX Companion for explanation.
Type  H <return>  for immediate help.
 ...                                              
                                                  
l.540 \\ \\
           
Your command was ignored.
Type  I <command> <return>  to replace it with another command,
or  <return>  to continue without it.


/Users/enriquerivera/Documents/School/Y4S1/Eletronic Techniques/Report 2/LaTex Lab/Report2.tex:541: LaTeX Error: There's no line here to end.

See the LaTeX manual or LaTeX Companion for explanation.
Type  H <return>  for immediate help.
 ...                                              
                                                  
l.541 #
       ## Gain Calculation: \\
Your command was ignored.
Type  I <command> <return>  to replace it with another command,
or  <return>  to continue without it.

/Users/enriquerivera/Documents/School/Y4S1/Eletronic Techniques/Report 2/LaTex Lab/Report2.tex:541: You can't use `macro parameter character #' in vertical mode.
<recently read> ##
                  
l.541 #
       ## Gain Calculation: \\
Sorry, but I'm not programmed to handle this case;
I'll just pretend that you didn't ask for it.
If you're in the wrong mode, you might be able to
return to the right one by typing `I}' or `I$' or `I\par'.

/Users/enriquerivera/Documents/School/Y4S1/Eletronic Techniques/Report 2/LaTex Lab/Report2.tex:541: You can't use `macro parameter character #' in vertical mode.
l.541 ##
        # Gain Calculation: \\
Sorry, but I'm not programmed to handle this case;
I'll just pretend that you didn't ask for it.
If you're in the wrong mode, you might be able to
return to the right one by typing `I}' or `I$' or `I\par'.

/Users/enriquerivera/Documents/School/Y4S1/Eletronic Techniques/Report 2/LaTex Lab/Report2.tex:541: You can't use `macro parameter character #' in vertical mode.
l.541 ###
          Gain Calculation: \\
Sorry, but I'm not programmed to handle this case;
I'll just pretend that you didn't ask for it.
If you're in the wrong mode, you might be able to
return to the right one by typing `I}' or `I$' or `I\par'.


Underfull \hbox (badness 10000) in paragraph at lines 541--543

 []


Underfull \hbox (badness 10000) in paragraph at lines 545--547

 []



[18 <./img/Lab5_5_Above.png>]
/Users/enriquerivera/Documents/School/Y4S1/Eletronic Techniques/Report 2/LaTex Lab/Report2.tex:553: You can't use `macro parameter character #' in horizontal mode.
<recently read> ##
                  
l.553 #
       ## Graph\\
Sorry, but I'm not programmed to handle this case;
I'll just pretend that you didn't ask for it.
If you're in the wrong mode, you might be able to
return to the right one by typing `I}' or `I$' or `I\par'.

/Users/enriquerivera/Documents/School/Y4S1/Eletronic Techniques/Report 2/LaTex Lab/Report2.tex:553: You can't use `macro parameter character #' in horizontal mode.
l.553 ##
        # Graph\\
Sorry, but I'm not programmed to handle this case;
I'll just pretend that you didn't ask for it.
If you're in the wrong mode, you might be able to
return to the right one by typing `I}' or `I$' or `I\par'.

/Users/enriquerivera/Documents/School/Y4S1/Eletronic Techniques/Report 2/LaTex Lab/Report2.tex:553: You can't use `macro parameter character #' in horizontal mode.
l.553 ###
          Graph\\
Sorry, but I'm not programmed to handle this case;
I'll just pretend that you didn't ask for it.
If you're in the wrong mode, you might be able to
return to the right one by typing `I}' or `I$' or `I\par'.

<./img/Lab5_6.png, id=158, 714.7503pt x 426.393pt>
File: ./img/Lab5_6.png Graphic file (type png)
<use ./img/Lab5_6.png>
Package pdftex.def Info: ./img/Lab5_6.png  used on input line 560.
(pdftex.def)             Requested size: 310.4979pt x 185.23872pt.

Underfull \hbox (badness 10000) in paragraph at lines 549--563

 []


Underfull \hbox (badness 10000) in paragraph at lines 549--563

 []


Underfull \hbox (badness 10000) in paragraph at lines 549--563

 []


/Users/enriquerivera/Documents/School/Y4S1/Eletronic Techniques/Report 2/LaTex Lab/Report2.tex:564: LaTeX Error: There's no line here to end.

See the LaTeX manual or LaTeX Companion for explanation.
Type  H <return>  for immediate help.
 ...                                              
                                                  
l.564 \\ \\
           
Your command was ignored.
Type  I <command> <return>  to replace it with another command,
or  <return>  to continue without it.


/Users/enriquerivera/Documents/School/Y4S1/Eletronic Techniques/Report 2/LaTex Lab/Report2.tex:565: LaTeX Error: There's no line here to end.

See the LaTeX manual or LaTeX Companion for explanation.
Type  H <return>  for immediate help.
 ...                                              
                                                  
l.565 
      
Your command was ignored.
Type  I <command> <return>  to replace it with another command,
or  <return>  to continue without it.


Underfull \hbox (badness 10000) in paragraph at lines 569--570

 []


Underfull \hbox (badness 10000) in paragraph at lines 569--570

 []


Overfull \hbox (2.44505pt too wide) in paragraph at lines 571--572
[]\OT1/cmr/m/n/10 In this experiment, we increased the input signal beyond the normal operating
 []


Underfull \hbox (badness 10000) in paragraph at lines 571--572

 []


/Users/enriquerivera/Documents/School/Y4S1/Eletronic Techniques/Report 2/LaTex Lab/Report2.tex:577: LaTeX Error: There's no line here to end.

See the LaTeX manual or LaTeX Companion for explanation.
Type  H <return>  for immediate help.
 ...                                              
                                                  
l.577 \\ \\
           
Your command was ignored.
Type  I <command> <return>  to replace it with another command,
or  <return>  to continue without it.


/Users/enriquerivera/Documents/School/Y4S1/Eletronic Techniques/Report 2/LaTex Lab/Report2.tex:578: LaTeX Error: There's no line here to end.

See the LaTeX manual or LaTeX Companion for explanation.
Type  H <return>  for immediate help.
 ...                                              
                                                  
l.578 #
       ## Clipping and Distortion: \\
Your command was ignored.
Type  I <command> <return>  to replace it with another command,
or  <return>  to continue without it.

/Users/enriquerivera/Documents/School/Y4S1/Eletronic Techniques/Report 2/LaTex Lab/Report2.tex:578: You can't use `macro parameter character #' in vertical mode.
<recently read> ##
                  
l.578 #
       ## Clipping and Distortion: \\
Sorry, but I'm not programmed to handle this case;
I'll just pretend that you didn't ask for it.
If you're in the wrong mode, you might be able to
return to the right one by typing `I}' or `I$' or `I\par'.

/Users/enriquerivera/Documents/School/Y4S1/Eletronic Techniques/Report 2/LaTex Lab/Report2.tex:578: You can't use `macro parameter character #' in vertical mode.
l.578 ##
        # Clipping and Distortion: \\
Sorry, but I'm not programmed to handle this case;
I'll just pretend that you didn't ask for it.
If you're in the wrong mode, you might be able to
return to the right one by typing `I}' or `I$' or `I\par'.

/Users/enriquerivera/Documents/School/Y4S1/Eletronic Techniques/Report 2/LaTex Lab/Report2.tex:578: You can't use `macro parameter character #' in vertical mode.
l.578 ###
          Clipping and Distortion: \\
Sorry, but I'm not programmed to handle this case;
I'll just pretend that you didn't ask for it.
If you're in the wrong mode, you might be able to
return to the right one by typing `I}' or `I$' or `I\par'.

<./img/Lab5_7.png, id=159, 714.7503pt x 426.393pt>
File: ./img/Lab5_7.png Graphic file (type png)
<use ./img/Lab5_7.png>
Package pdftex.def Info: ./img/Lab5_7.png  used on input line 587.
(pdftex.def)             Requested size: 310.4979pt x 185.23872pt.

Underfull \hbox (badness 10000) in paragraph at lines 578--590

 []


Underfull \hbox (badness 10000) in paragraph at lines 578--590

 []


Underfull \hbox (badness 10000) in paragraph at lines 578--590

 []



[19 <./img/Lab5_6.png>]
/Users/enriquerivera/Documents/School/Y4S1/Eletronic Techniques/Report 2/LaTex Lab/Report2.tex:593: You can't use `macro parameter character #' in vertical mode.
l.593 #
       ## Conclusion: \\
Sorry, but I'm not programmed to handle this case;
I'll just pretend that you didn't ask for it.
If you're in the wrong mode, you might be able to
return to the right one by typing `I}' or `I$' or `I\par'.

/Users/enriquerivera/Documents/School/Y4S1/Eletronic Techniques/Report 2/LaTex Lab/Report2.tex:593: You can't use `macro parameter character #' in vertical mode.
l.593 ##
        # Conclusion: \\
Sorry, but I'm not programmed to handle this case;
I'll just pretend that you didn't ask for it.
If you're in the wrong mode, you might be able to
return to the right one by typing `I}' or `I$' or `I\par'.

/Users/enriquerivera/Documents/School/Y4S1/Eletronic Techniques/Report 2/LaTex Lab/Report2.tex:593: You can't use `macro parameter character #' in vertical mode.
l.593 ###
          Conclusion: \\
Sorry, but I'm not programmed to handle this case;
I'll just pretend that you didn't ask for it.
If you're in the wrong mode, you might be able to
return to the right one by typing `I}' or `I$' or `I\par'.


/Users/enriquerivera/Documents/School/Y4S1/Eletronic Techniques/Report 2/LaTex Lab/Report2.tex:598: LaTeX Error: There's no line here to end.

See the LaTeX manual or LaTeX Companion for explanation.
Type  H <return>  for immediate help.
 ...                                              
                                                  
l.598 \\ \\
            \\
Your command was ignored.
Type  I <command> <return>  to replace it with another command,
or  <return>  to continue without it.


/Users/enriquerivera/Documents/School/Y4S1/Eletronic Techniques/Report 2/LaTex Lab/Report2.tex:598: LaTeX Error: There's no line here to end.

See the LaTeX manual or LaTeX Companion for explanation.
Type  H <return>  for immediate help.
 ...                                              
                                                  
l.598 \\ \\ \\
              
Your command was ignored.
Type  I <command> <return>  to replace it with another command,
or  <return>  to continue without it.


/Users/enriquerivera/Documents/School/Y4S1/Eletronic Techniques/Report 2/LaTex Lab/Report2.tex:599: LaTeX Error: There's no line here to end.

See the LaTeX manual or LaTeX Companion for explanation.
Type  H <return>  for immediate help.
 ...                                              
                                                  
l.599 \section
              *{Lab 6: Advanced Transistor Circuits}
Your command was ignored.
Type  I <command> <return>  to replace it with another command,
or  <return>  to continue without it.



[20 <./img/Lab5_7.png>]
Overfull \hbox (7.13074pt too wide) in paragraph at lines 631--633
\OT1/cmr/m/n/10 voltage $\OML/cmm/m/it/10 V[]$ \OT1/cmr/m/n/10 for a J310 JFET. We also calculated the transistor's transconductance
 []

/Users/enriquerivera/Documents/School/Y4S1/Eletronic Techniques/Report 2/LaTex Lab/Report2.tex:634: You can't use `macro parameter character #' in vertical mode.
l.634 #
       ## Data:
Sorry, but I'm not programmed to handle this case;
I'll just pretend that you didn't ask for it.
If you're in the wrong mode, you might be able to
return to the right one by typing `I}' or `I$' or `I\par'.

/Users/enriquerivera/Documents/School/Y4S1/Eletronic Techniques/Report 2/LaTex Lab/Report2.tex:634: You can't use `macro parameter character #' in vertical mode.
l.634 ##
        # Data:
Sorry, but I'm not programmed to handle this case;
I'll just pretend that you didn't ask for it.
If you're in the wrong mode, you might be able to
return to the right one by typing `I}' or `I$' or `I\par'.

/Users/enriquerivera/Documents/School/Y4S1/Eletronic Techniques/Report 2/LaTex Lab/Report2.tex:634: You can't use `macro parameter character #' in vertical mode.
l.634 ###
          Data:
Sorry, but I'm not programmed to handle this case;
I'll just pretend that you didn't ask for it.
If you're in the wrong mode, you might be able to
return to the right one by typing `I}' or `I$' or `I\par'.



[21]
/Users/enriquerivera/Documents/School/Y4S1/Eletronic Techniques/Report 2/LaTex Lab/Report2.tex:666: You can't use `macro parameter character #' in vertical mode.
l.666 #
       ## Plot of \( I_D \) vs \( V_{GS} \):
Sorry, but I'm not programmed to handle this case;
I'll just pretend that you didn't ask for it.
If you're in the wrong mode, you might be able to
return to the right one by typing `I}' or `I$' or `I\par'.

/Users/enriquerivera/Documents/School/Y4S1/Eletronic Techniques/Report 2/LaTex Lab/Report2.tex:666: You can't use `macro parameter character #' in vertical mode.
l.666 ##
        # Plot of \( I_D \) vs \( V_{GS} \):
Sorry, but I'm not programmed to handle this case;
I'll just pretend that you didn't ask for it.
If you're in the wrong mode, you might be able to
return to the right one by typing `I}' or `I$' or `I\par'.

/Users/enriquerivera/Documents/School/Y4S1/Eletronic Techniques/Report 2/LaTex Lab/Report2.tex:666: You can't use `macro parameter character #' in vertical mode.
l.666 ###
          Plot of \( I_D \) vs \( V_{GS} \):
Sorry, but I'm not programmed to handle this case;
I'll just pretend that you didn't ask for it.
If you're in the wrong mode, you might be able to
return to the right one by typing `I}' or `I$' or `I\par'.

<./img/Lab6_1_IdVSVgs.png, id=181, 714.7503pt x 426.393pt>
File: ./img/Lab6_1_IdVSVgs.png Graphic file (type png)
<use ./img/Lab6_1_IdVSVgs.png>
Package pdftex.def Info: ./img/Lab6_1_IdVSVgs.png  used on input line 671.
(pdftex.def)             Requested size: 310.4979pt x 185.23872pt.
/Users/enriquerivera/Documents/School/Y4S1/Eletronic Techniques/Report 2/LaTex Lab/Report2.tex:676: You can't use `macro parameter character #' in vertical mode.
l.676 #
       ## Transconductance Calculation:
Sorry, but I'm not programmed to handle this case;
I'll just pretend that you didn't ask for it.
If you're in the wrong mode, you might be able to
return to the right one by typing `I}' or `I$' or `I\par'.

/Users/enriquerivera/Documents/School/Y4S1/Eletronic Techniques/Report 2/LaTex Lab/Report2.tex:676: You can't use `macro parameter character #' in vertical mode.
l.676 ##
        # Transconductance Calculation:
Sorry, but I'm not programmed to handle this case;
I'll just pretend that you didn't ask for it.
If you're in the wrong mode, you might be able to
return to the right one by typing `I}' or `I$' or `I\par'.

/Users/enriquerivera/Documents/School/Y4S1/Eletronic Techniques/Report 2/LaTex Lab/Report2.tex:676: You can't use `macro parameter character #' in vertical mode.
l.676 ###
          Transconductance Calculation:
Sorry, but I'm not programmed to handle this case;
I'll just pretend that you didn't ask for it.
If you're in the wrong mode, you might be able to
return to the right one by typing `I}' or `I$' or `I\par'.



[22 <./img/Lab6_1_IdVSVgs.png>]
<./img/Lab6_1_gmVSVgs.png, id=188, 714.7503pt x 426.393pt>
File: ./img/Lab6_1_gmVSVgs.png Graphic file (type png)
<use ./img/Lab6_1_gmVSVgs.png>
Package pdftex.def Info: ./img/Lab6_1_gmVSVgs.png  used on input line 685.
(pdftex.def)             Requested size: 310.4979pt x 185.23872pt.


/Users/enriquerivera/Documents/School/Y4S1/Eletronic Techniques/Report 2/LaTex Lab/Report2.tex:690: LaTeX Error: There's no line here to end.

See the LaTeX manual or LaTeX Companion for explanation.
Type  H <return>  for immediate help.
 ...                                              
                                                  
l.690 #
       ## Comparison with J310 Data Sheet:
Your command was ignored.
Type  I <command> <return>  to replace it with another command,
or  <return>  to continue without it.

/Users/enriquerivera/Documents/School/Y4S1/Eletronic Techniques/Report 2/LaTex Lab/Report2.tex:690: You can't use `macro parameter character #' in vertical mode.
<recently read> ##
                  
l.690 #
       ## Comparison with J310 Data Sheet:
Sorry, but I'm not programmed to handle this case;
I'll just pretend that you didn't ask for it.
If you're in the wrong mode, you might be able to
return to the right one by typing `I}' or `I$' or `I\par'.

/Users/enriquerivera/Documents/School/Y4S1/Eletronic Techniques/Report 2/LaTex Lab/Report2.tex:690: You can't use `macro parameter character #' in vertical mode.
l.690 ##
        # Comparison with J310 Data Sheet:
Sorry, but I'm not programmed to handle this case;
I'll just pretend that you didn't ask for it.
If you're in the wrong mode, you might be able to
return to the right one by typing `I}' or `I$' or `I\par'.

/Users/enriquerivera/Documents/School/Y4S1/Eletronic Techniques/Report 2/LaTex Lab/Report2.tex:690: You can't use `macro parameter character #' in vertical mode.
l.690 ###
          Comparison with J310 Data Sheet:
Sorry, but I'm not programmed to handle this case;
I'll just pretend that you didn't ask for it.
If you're in the wrong mode, you might be able to
return to the right one by typing `I}' or `I$' or `I\par'.

/Users/enriquerivera/Documents/School/Y4S1/Eletronic Techniques/Report 2/LaTex Lab/Report2.tex:693: You can't use `macro parameter character #' in horizontal mode.
<recently read> ##
                  
l.693 #
       ## Conclusion:
Sorry, but I'm not programmed to handle this case;
I'll just pretend that you didn't ask for it.
If you're in the wrong mode, you might be able to
return to the right one by typing `I}' or `I$' or `I\par'.

/Users/enriquerivera/Documents/School/Y4S1/Eletronic Techniques/Report 2/LaTex Lab/Report2.tex:693: You can't use `macro parameter character #' in horizontal mode.
l.693 ##
        # Conclusion:
Sorry, but I'm not programmed to handle this case;
I'll just pretend that you didn't ask for it.
If you're in the wrong mode, you might be able to
return to the right one by typing `I}' or `I$' or `I\par'.

/Users/enriquerivera/Documents/School/Y4S1/Eletronic Techniques/Report 2/LaTex Lab/Report2.tex:693: You can't use `macro parameter character #' in horizontal mode.
l.693 ###
          Conclusion:
Sorry, but I'm not programmed to handle this case;
I'll just pretend that you didn't ask for it.
If you're in the wrong mode, you might be able to
return to the right one by typing `I}' or `I$' or `I\par'.


Overfull \hbox (1.86365pt too wide) in paragraph at lines 690--695
\OT1/cmr/m/n/10 data sheet, which shows similar behavior for $\OML/cmm/m/it/10 I[]$ \OT1/cmr/m/n/10 vs $\OML/cmm/m/it/10 V[]$ \OT1/cmr/m/n/10 and for transconductance.
 []


Underfull \hbox (badness 10000) in paragraph at lines 690--695

 []


Overfull \hbox (7.31583pt too wide) in paragraph at lines 690--695
\OT1/cmr/m/n/10 sheet. The drain current decreases with decreasing $\OML/cmm/m/it/10 V[]$\OT1/cmr/m/n/10 , and the transconductance
 []


/Users/enriquerivera/Documents/School/Y4S1/Eletronic Techniques/Report 2/LaTex Lab/Report2.tex:696: LaTeX Error: There's no line here to end.

See the LaTeX manual or LaTeX Companion for explanation.
Type  H <return>  for immediate help.
 ...                                              
                                                  
l.696 \\ \\
           
Your command was ignored.
Type  I <command> <return>  to replace it with another command,
or  <return>  to continue without it.


/Users/enriquerivera/Documents/School/Y4S1/Eletronic Techniques/Report 2/LaTex Lab/Report2.tex:697: LaTeX Error: There's no line here to end.

See the LaTeX manual or LaTeX Companion for explanation.
Type  H <return>  for immediate help.
 ...                                              
                                                  
l.697 2
       . \textbf{2N7000 MOSFET Measurement and Transconductance:}
Your command was ignored.
Type  I <command> <return>  to replace it with another command,
or  <return>  to continue without it.


Underfull \hbox (badness 10000) in paragraph at lines 697--699

 []


Underfull \hbox (badness 10000) in paragraph at lines 697--699

 []

/Users/enriquerivera/Documents/School/Y4S1/Eletronic Techniques/Report 2/LaTex Lab/Report2.tex:702: You can't use `macro parameter character #' in horizontal mode.
<recently read> ##
                  
l.702 #
       ## Data:\\
Sorry, but I'm not programmed to handle this case;
I'll just pretend that you didn't ask for it.
If you're in the wrong mode, you might be able to
return to the right one by typing `I}' or `I$' or `I\par'.

/Users/enriquerivera/Documents/School/Y4S1/Eletronic Techniques/Report 2/LaTex Lab/Report2.tex:702: You can't use `macro parameter character #' in horizontal mode.
l.702 ##
        # Data:\\
Sorry, but I'm not programmed to handle this case;
I'll just pretend that you didn't ask for it.
If you're in the wrong mode, you might be able to
return to the right one by typing `I}' or `I$' or `I\par'.

/Users/enriquerivera/Documents/School/Y4S1/Eletronic Techniques/Report 2/LaTex Lab/Report2.tex:702: You can't use `macro parameter character #' in horizontal mode.
l.702 ###
          Data:\\
Sorry, but I'm not programmed to handle this case;
I'll just pretend that you didn't ask for it.
If you're in the wrong mode, you might be able to
return to the right one by typing `I}' or `I$' or `I\par'.


Underfull \hbox (badness 10000) in paragraph at lines 700--704

 []



[23 <./img/Lab6_1_gmVSVgs.png>]
/Users/enriquerivera/Documents/School/Y4S1/Eletronic Techniques/Report 2/LaTex Lab/Report2.tex:723: You can't use `macro parameter character #' in horizontal mode.
<recently read> ##
                  
l.723 #
       ## Plot of \( I_D \) vs \( V_{GS} \): \\
Sorry, but I'm not programmed to handle this case;
I'll just pretend that you didn't ask for it.
If you're in the wrong mode, you might be able to
return to the right one by typing `I}' or `I$' or `I\par'.

/Users/enriquerivera/Documents/School/Y4S1/Eletronic Techniques/Report 2/LaTex Lab/Report2.tex:723: You can't use `macro parameter character #' in horizontal mode.
l.723 ##
        # Plot of \( I_D \) vs \( V_{GS} \): \\
Sorry, but I'm not programmed to handle this case;
I'll just pretend that you didn't ask for it.
If you're in the wrong mode, you might be able to
return to the right one by typing `I}' or `I$' or `I\par'.

/Users/enriquerivera/Documents/School/Y4S1/Eletronic Techniques/Report 2/LaTex Lab/Report2.tex:723: You can't use `macro parameter character #' in horizontal mode.
l.723 ###
          Plot of \( I_D \) vs \( V_{GS} \): \\
Sorry, but I'm not programmed to handle this case;
I'll just pretend that you didn't ask for it.
If you're in the wrong mode, you might be able to
return to the right one by typing `I}' or `I$' or `I\par'.


Underfull \hbox (badness 10000) in paragraph at lines 721--725

 []

<./img/Lab6_2_IdVSVgs.png, id=195, 714.7503pt x 426.393pt>
File: ./img/Lab6_2_IdVSVgs.png Graphic file (type png)
<use ./img/Lab6_2_IdVSVgs.png>
Package pdftex.def Info: ./img/Lab6_2_IdVSVgs.png  used on input line 728.
(pdftex.def)             Requested size: 310.4979pt x 185.23872pt.
/Users/enriquerivera/Documents/School/Y4S1/Eletronic Techniques/Report 2/LaTex Lab/Report2.tex:733: You can't use `macro parameter character #' in vertical mode.
l.733 #
       ## Transconductance Calculation: \\
Sorry, but I'm not programmed to handle this case;
I'll just pretend that you didn't ask for it.
If you're in the wrong mode, you might be able to
return to the right one by typing `I}' or `I$' or `I\par'.

/Users/enriquerivera/Documents/School/Y4S1/Eletronic Techniques/Report 2/LaTex Lab/Report2.tex:733: You can't use `macro parameter character #' in vertical mode.
l.733 ##
        # Transconductance Calculation: \\
Sorry, but I'm not programmed to handle this case;
I'll just pretend that you didn't ask for it.
If you're in the wrong mode, you might be able to
return to the right one by typing `I}' or `I$' or `I\par'.

/Users/enriquerivera/Documents/School/Y4S1/Eletronic Techniques/Report 2/LaTex Lab/Report2.tex:733: You can't use `macro parameter character #' in vertical mode.
l.733 ###
          Transconductance Calculation: \\
Sorry, but I'm not programmed to handle this case;
I'll just pretend that you didn't ask for it.
If you're in the wrong mode, you might be able to
return to the right one by typing `I}' or `I$' or `I\par'.


Underfull \hbox (badness 10000) in paragraph at lines 733--735

 []

<./img/Lab6_2_gmVSVgs.png, id=196, 715.473pt x 426.393pt>
File: ./img/Lab6_2_gmVSVgs.png Graphic file (type png)
<use ./img/Lab6_2_gmVSVgs.png>
Package pdftex.def Info: ./img/Lab6_2_gmVSVgs.png  used on input line 743.
(pdftex.def)             Requested size: 310.4979pt x 185.04353pt.

Underfull \hbox (badness 10000) in paragraph at lines 737--746

 []



[24 <./img/Lab6_2_IdVSVgs.png>]

/Users/enriquerivera/Documents/School/Y4S1/Eletronic Techniques/Report 2/LaTex Lab/Report2.tex:748: LaTeX Error: There's no line here to end.

See the LaTeX manual or LaTeX Companion for explanation.
Type  H <return>  for immediate help.
 ...                                              
                                                  
l.748 #
       ## Conclusion: \\
Your command was ignored.
Type  I <command> <return>  to replace it with another command,
or  <return>  to continue without it.

/Users/enriquerivera/Documents/School/Y4S1/Eletronic Techniques/Report 2/LaTex Lab/Report2.tex:748: You can't use `macro parameter character #' in vertical mode.
<recently read> ##
                  
l.748 #
       ## Conclusion: \\
Sorry, but I'm not programmed to handle this case;
I'll just pretend that you didn't ask for it.
If you're in the wrong mode, you might be able to
return to the right one by typing `I}' or `I$' or `I\par'.

/Users/enriquerivera/Documents/School/Y4S1/Eletronic Techniques/Report 2/LaTex Lab/Report2.tex:748: You can't use `macro parameter character #' in vertical mode.
l.748 ##
        # Conclusion: \\
Sorry, but I'm not programmed to handle this case;
I'll just pretend that you didn't ask for it.
If you're in the wrong mode, you might be able to
return to the right one by typing `I}' or `I$' or `I\par'.

/Users/enriquerivera/Documents/School/Y4S1/Eletronic Techniques/Report 2/LaTex Lab/Report2.tex:748: You can't use `macro parameter character #' in vertical mode.
l.748 ###
          Conclusion: \\
Sorry, but I'm not programmed to handle this case;
I'll just pretend that you didn't ask for it.
If you're in the wrong mode, you might be able to
return to the right one by typing `I}' or `I$' or `I\par'.


/Users/enriquerivera/Documents/School/Y4S1/Eletronic Techniques/Report 2/LaTex Lab/Report2.tex:751: LaTeX Error: There's no line here to end.

See the LaTeX manual or LaTeX Companion for explanation.
Type  H <return>  for immediate help.
 ...                                              
                                                  
l.751 \\ \\
           
Your command was ignored.
Type  I <command> <return>  to replace it with another command,
or  <return>  to continue without it.


/Users/enriquerivera/Documents/School/Y4S1/Eletronic Techniques/Report 2/LaTex Lab/Report2.tex:752: LaTeX Error: There's no line here to end.

See the LaTeX manual or LaTeX Companion for explanation.
Type  H <return>  for immediate help.
 ...                                              
                                                  
l.752 3
       . \textbf{2N7000 MOSFET \( I_D \) vs \( V_{DS} \)}
Your command was ignored.
Type  I <command> <return>  to replace it with another command,
or  <return>  to continue without it.

/Users/enriquerivera/Documents/School/Y4S1/Eletronic Techniques/Report 2/LaTex Lab/Report2.tex:756: You can't use `macro parameter character #' in horizontal mode.
<recently read> ##
                  
l.756 #
       ## Data: \\
Sorry, but I'm not programmed to handle this case;
I'll just pretend that you didn't ask for it.
If you're in the wrong mode, you might be able to
return to the right one by typing `I}' or `I$' or `I\par'.

/Users/enriquerivera/Documents/School/Y4S1/Eletronic Techniques/Report 2/LaTex Lab/Report2.tex:756: You can't use `macro parameter character #' in horizontal mode.
l.756 ##
        # Data: \\
Sorry, but I'm not programmed to handle this case;
I'll just pretend that you didn't ask for it.
If you're in the wrong mode, you might be able to
return to the right one by typing `I}' or `I$' or `I\par'.

/Users/enriquerivera/Documents/School/Y4S1/Eletronic Techniques/Report 2/LaTex Lab/Report2.tex:756: You can't use `macro parameter character #' in horizontal mode.
l.756 ###
          Data: \\
Sorry, but I'm not programmed to handle this case;
I'll just pretend that you didn't ask for it.
If you're in the wrong mode, you might be able to
return to the right one by typing `I}' or `I$' or `I\par'.


Underfull \hbox (badness 10000) in paragraph at lines 752--759

 []


Underfull \hbox (badness 10000) in paragraph at lines 752--759

 []



[25 <./img/Lab6_2_gmVSVgs.png>]
/Users/enriquerivera/Documents/School/Y4S1/Eletronic Techniques/Report 2/LaTex Lab/Report2.tex:779: You can't use `macro parameter character #' in horizontal mode.
<recently read> ##
                  
l.779 #
       ## Plot of \( I_D \) vs \( V_{DS} \):\\
Sorry, but I'm not programmed to handle this case;
I'll just pretend that you didn't ask for it.
If you're in the wrong mode, you might be able to
return to the right one by typing `I}' or `I$' or `I\par'.

/Users/enriquerivera/Documents/School/Y4S1/Eletronic Techniques/Report 2/LaTex Lab/Report2.tex:779: You can't use `macro parameter character #' in horizontal mode.
l.779 ##
        # Plot of \( I_D \) vs \( V_{DS} \):\\
Sorry, but I'm not programmed to handle this case;
I'll just pretend that you didn't ask for it.
If you're in the wrong mode, you might be able to
return to the right one by typing `I}' or `I$' or `I\par'.

/Users/enriquerivera/Documents/School/Y4S1/Eletronic Techniques/Report 2/LaTex Lab/Report2.tex:779: You can't use `macro parameter character #' in horizontal mode.
l.779 ###
          Plot of \( I_D \) vs \( V_{DS} \):\\
Sorry, but I'm not programmed to handle this case;
I'll just pretend that you didn't ask for it.
If you're in the wrong mode, you might be able to
return to the right one by typing `I}' or `I$' or `I\par'.

<./img/Lab6_3_idVSVds.png, id=210, 714.7503pt x 426.393pt>
File: ./img/Lab6_3_idVSVds.png Graphic file (type png)
<use ./img/Lab6_3_idVSVds.png>
Package pdftex.def Info: ./img/Lab6_3_idVSVds.png  used on input line 787.
(pdftex.def)             Requested size: 310.4979pt x 185.23872pt.

Underfull \hbox (badness 10000) in paragraph at lines 777--790

 []


/Users/enriquerivera/Documents/School/Y4S1/Eletronic Techniques/Report 2/LaTex Lab/Report2.tex:792: LaTeX Error: There's no line here to end.

See the LaTeX manual or LaTeX Companion for explanation.
Type  H <return>  for immediate help.
 ...                                              
                                                  
l.792 #
       ## Conclusion:\\
Your command was ignored.
Type  I <command> <return>  to replace it with another command,
or  <return>  to continue without it.

/Users/enriquerivera/Documents/School/Y4S1/Eletronic Techniques/Report 2/LaTex Lab/Report2.tex:792: You can't use `macro parameter character #' in vertical mode.
<recently read> ##
                  
l.792 #
       ## Conclusion:\\
Sorry, but I'm not programmed to handle this case;
I'll just pretend that you didn't ask for it.
If you're in the wrong mode, you might be able to
return to the right one by typing `I}' or `I$' or `I\par'.

/Users/enriquerivera/Documents/School/Y4S1/Eletronic Techniques/Report 2/LaTex Lab/Report2.tex:792: You can't use `macro parameter character #' in vertical mode.
l.792 ##
        # Conclusion:\\
Sorry, but I'm not programmed to handle this case;
I'll just pretend that you didn't ask for it.
If you're in the wrong mode, you might be able to
return to the right one by typing `I}' or `I$' or `I\par'.

/Users/enriquerivera/Documents/School/Y4S1/Eletronic Techniques/Report 2/LaTex Lab/Report2.tex:792: You can't use `macro parameter character #' in vertical mode.
l.792 ###
          Conclusion:\\
Sorry, but I'm not programmed to handle this case;
I'll just pretend that you didn't ask for it.
If you're in the wrong mode, you might be able to
return to the right one by typing `I}' or `I$' or `I\par'.


Underfull \hbox (badness 10000) in paragraph at lines 792--795

 []


Underfull \hbox (badness 10000) in paragraph at lines 792--795

 []



[26 <./img/Lab6_3_idVSVds.png>]
Underfull \hbox (badness 10000) in paragraph at lines 796--797

 []


Underfull \hbox (badness 10000) in paragraph at lines 796--797

 []

/Users/enriquerivera/Documents/School/Y4S1/Eletronic Techniques/Report 2/LaTex Lab/Report2.tex:800: You can't use `macro parameter character #' in horizontal mode.
<recently read> ##
                  
l.800 #
       ## Observations:\\
Sorry, but I'm not programmed to handle this case;
I'll just pretend that you didn't ask for it.
If you're in the wrong mode, you might be able to
return to the right one by typing `I}' or `I$' or `I\par'.

/Users/enriquerivera/Documents/School/Y4S1/Eletronic Techniques/Report 2/LaTex Lab/Report2.tex:800: You can't use `macro parameter character #' in horizontal mode.
l.800 ##
        # Observations:\\
Sorry, but I'm not programmed to handle this case;
I'll just pretend that you didn't ask for it.
If you're in the wrong mode, you might be able to
return to the right one by typing `I}' or `I$' or `I\par'.

/Users/enriquerivera/Documents/School/Y4S1/Eletronic Techniques/Report 2/LaTex Lab/Report2.tex:800: You can't use `macro parameter character #' in horizontal mode.
l.800 ###
          Observations:\\
Sorry, but I'm not programmed to handle this case;
I'll just pretend that you didn't ask for it.
If you're in the wrong mode, you might be able to
return to the right one by typing `I}' or `I$' or `I\par'.

/Users/enriquerivera/Documents/School/Y4S1/Eletronic Techniques/Report 2/LaTex Lab/Report2.tex:813: You can't use `macro parameter character #' in horizontal mode.
<recently read> ##
                  
l.813 #
       ## Conclusion: \\
Sorry, but I'm not programmed to handle this case;
I'll just pretend that you didn't ask for it.
If you're in the wrong mode, you might be able to
return to the right one by typing `I}' or `I$' or `I\par'.

/Users/enriquerivera/Documents/School/Y4S1/Eletronic Techniques/Report 2/LaTex Lab/Report2.tex:813: You can't use `macro parameter character #' in horizontal mode.
l.813 ##
        # Conclusion: \\
Sorry, but I'm not programmed to handle this case;
I'll just pretend that you didn't ask for it.
If you're in the wrong mode, you might be able to
return to the right one by typing `I}' or `I$' or `I\par'.

/Users/enriquerivera/Documents/School/Y4S1/Eletronic Techniques/Report 2/LaTex Lab/Report2.tex:813: You can't use `macro parameter character #' in horizontal mode.
l.813 ###
          Conclusion: \\
Sorry, but I'm not programmed to handle this case;
I'll just pretend that you didn't ask for it.
If you're in the wrong mode, you might be able to
return to the right one by typing `I}' or `I$' or `I\par'.


Underfull \hbox (badness 10000) in paragraph at lines 798--815

 []


Underfull \hbox (badness 10000) in paragraph at lines 798--815

 []


Underfull \hbox (badness 10000) in paragraph at lines 798--815

 []


Overfull \hbox (3.72287pt too wide) in paragraph at lines 798--815
\OT1/cmr/m/n/10 peaks** of the triangular wave, with the negative part of the waveform completely
 []


Overfull \hbox (11.76917pt too wide) in paragraph at lines 798--815
\OT1/cmr/m/n/10 cut off. This suggests that the circuit was performing some form of **rectification**
 []


Underfull \hbox (badness 10000) in paragraph at lines 798--815

 []


Underfull \hbox (badness 10000) in paragraph at lines 798--815

 []



[27] (Report2.aux)
 ***********
LaTeX2e <2024-06-01> patch level 2
L3 programming layer <2024-08-30>
 ***********


LaTeX Warning: Label(s) may have changed. Rerun to get cross-references right.


Package rerunfilecheck Warning: File `Report2.out' has changed.
(rerunfilecheck)                Rerun to get outlines right
(rerunfilecheck)                or use package `bookmark'.

Package rerunfilecheck Info: Checksums for `Report2.out':
(rerunfilecheck)             Before: <no file>
(rerunfilecheck)             After:  C3E5875BA0049176A7EEEFAF41C8C54F;116.
 ) 
Here is how much of TeX's memory you used:
 14646 strings out of 475833
 298348 string characters out of 2775517
 646318 words of memory out of 3000000
 37092 multiletter control sequences out of 15000+600000
 563787 words of font info for 56 fonts, out of 8000000 for 9000
 0 hyphenation exceptions out of 8191
 75i,10n,80p,546b,966s stack positions out of 5000i,500n,10000p,200000b,80000s
 </Users/enriquerivera/Library/Application Support/MiKTeX/texmfs/data/fonts/pk/ljfour/jknappen/ec/dpi600/tcrm1000.pk></Users/enriquerivera/Library/Application Support/MiKTeX/texmfs/install/fonts/type1/public/amsfonts/cm/cmbx10.pfb></Users/enriquerivera/Library/Application Support/MiKTeX/texmfs/install/fonts/type1/public/amsfonts/cm/cmbx12.pfb></Users/enriquerivera/Library/Application Support/MiKTeX/texmfs/install/fonts/type1/public/amsfonts/cm/cmex10.pfb></Users/enriquerivera/Library/Application Support/MiKTeX/texmfs/install/fonts/type1/public/amsfonts/cm/cmmi10.pfb></Users/enriquerivera/Library/Application Support/MiKTeX/texmfs/install/fonts/type1/public/amsfonts/cm/cmmi5.pfb></Users/enriquerivera/Library/Application Support/MiKTeX/texmfs/install/fonts/type1/public/amsfonts/cm/cmmi7.pfb></Users/enriquerivera/Library/Application Support/MiKTeX/texmfs/install/fonts/type1/public/amsfonts/cm/cmr10.pfb></Users/enriquerivera/Library/Application Support/MiKTeX/texmfs/install/fonts/type1/public/amsfonts/cm/cmr12.pfb></Users/enriquerivera/Library/Application Support/MiKTeX/texmfs/install/fonts/type1/public/amsfonts/cm/cmr17.pfb></Users/enriquerivera/Library/Application Support/MiKTeX/texmfs/install/fonts/type1/public/amsfonts/cm/cmr7.pfb></Users/enriquerivera/Library/Application Support/MiKTeX/texmfs/install/fonts/type1/public/amsfonts/cm/cmsy10.pfb></Users/enriquerivera/Library/Application Support/MiKTeX/texmfs/install/fonts/type1/public/amsfonts/cm/cmsy7.pfb>
Output written on Report2.pdf (27 pages, 1383541 bytes).
PDF statistics:
 291 PDF objects out of 1000 (max. 8388607)
 70 named destinations out of 1000 (max. 500000)
 141 words of extra memory for PDF output out of 10000 (max. 10000000)

