This is pdfTeX, Version 3.141592653-2.6-1.40.24 (MiKTeX 22.1) (preloaded format=pdflatex 2024.9.16)  15 NOV 2024 21:04
entering extended mode
 restricted \write18 enabled.
 file:line:error style messages enabled.
 %&-line parsing enabled.
**"/Users/enriquerivera/Documents/School/Y4S1/Eletronic Techniques/Report 4/LaTex Lab/Report 4.tex"
(/Users/enriquerivera/Documents/School/Y4S1/Eletronic Techniques/Report 4/LaTex Lab/Report 4.tex
LaTeX2e <2024-06-01> patch level 2
L3 programming layer <2024-08-30>
(/Users/enriquerivera/Library/Application Support/MiKTeX/texmfs/install/tex/latex/base/article.cls
Document Class: article 2024/02/08 v1.4n Standard LaTeX document class
(/Users/enriquerivera/Library/Application Support/MiKTeX/texmfs/install/tex/latex/base/size10.clo
File: size10.clo 2024/02/08 v1.4n Standard LaTeX file (size option)
)
\c@part=\count194
\c@section=\count195
\c@subsection=\count196
\c@subsubsection=\count197
\c@paragraph=\count198
\c@subparagraph=\count199
\c@figure=\count266
\c@table=\count267
\abovecaptionskip=\skip49
\belowcaptionskip=\skip50
\bibindent=\dimen141
) (/Users/enriquerivera/Library/Application Support/MiKTeX/texmfs/install/tex/latex/amsmath/amsmath.sty
Package: amsmath 2024/05/23 v2.17q AMS math features
\@mathmargin=\skip51

For additional information on amsmath, use the `?' option.
(/Users/enriquerivera/Library/Application Support/MiKTeX/texmfs/install/tex/latex/amsmath/amstext.sty
Package: amstext 2021/08/26 v2.01 AMS text
 (/Users/enriquerivera/Library/Application Support/MiKTeX/texmfs/install/tex/latex/amsmath/amsgen.sty
File: amsgen.sty 1999/11/30 v2.0 generic functions
\@emptytoks=\toks17
\ex@=\dimen142
)) (/Users/enriquerivera/Library/Application Support/MiKTeX/texmfs/install/tex/latex/amsmath/amsbsy.sty
Package: amsbsy 1999/11/29 v1.2d Bold Symbols
\pmbraise@=\dimen143
) (/Users/enriquerivera/Library/Application Support/MiKTeX/texmfs/install/tex/latex/amsmath/amsopn.sty
Package: amsopn 2022/04/08 v2.04 operator names
)
\inf@bad=\count268
LaTeX Info: Redefining \frac on input line 233.
\uproot@=\count269
\leftroot@=\count270
LaTeX Info: Redefining \overline on input line 398.
LaTeX Info: Redefining \colon on input line 409.
\classnum@=\count271
\DOTSCASE@=\count272
LaTeX Info: Redefining \ldots on input line 495.
LaTeX Info: Redefining \dots on input line 498.
LaTeX Info: Redefining \cdots on input line 619.
\Mathstrutbox@=\box52
\strutbox@=\box53
LaTeX Info: Redefining \big on input line 721.
LaTeX Info: Redefining \Big on input line 722.
LaTeX Info: Redefining \bigg on input line 723.
LaTeX Info: Redefining \Bigg on input line 724.
\big@size=\dimen144
LaTeX Font Info:    Redeclaring font encoding OML on input line 742.
LaTeX Font Info:    Redeclaring font encoding OMS on input line 743.
\macc@depth=\count273
LaTeX Info: Redefining \bmod on input line 904.
LaTeX Info: Redefining \pmod on input line 909.
LaTeX Info: Redefining \smash on input line 939.
LaTeX Info: Redefining \relbar on input line 969.
LaTeX Info: Redefining \Relbar on input line 970.
\c@MaxMatrixCols=\count274
\dotsspace@=\muskip17
\c@parentequation=\count275
\dspbrk@lvl=\count276
\tag@help=\toks18
\row@=\count277
\column@=\count278
\maxfields@=\count279
\andhelp@=\toks19
\eqnshift@=\dimen145
\alignsep@=\dimen146
\tagshift@=\dimen147
\tagwidth@=\dimen148
\totwidth@=\dimen149
\lineht@=\dimen150
\@envbody=\toks20
\multlinegap=\skip52
\multlinetaggap=\skip53
\mathdisplay@stack=\toks21
LaTeX Info: Redefining \[ on input line 2953.
LaTeX Info: Redefining \] on input line 2954.
) (/Users/enriquerivera/Library/Application Support/MiKTeX/texmfs/install/tex/latex/graphics/graphicx.sty
Package: graphicx 2021/09/16 v1.2d Enhanced LaTeX Graphics (DPC,SPQR)
 (/Users/enriquerivera/Library/Application Support/MiKTeX/texmfs/install/tex/latex/graphics/keyval.sty
Package: keyval 2022/05/29 v1.15 key=value parser (DPC)
\KV@toks@=\toks22
) (/Users/enriquerivera/Library/Application Support/MiKTeX/texmfs/install/tex/latex/graphics/graphics.sty
Package: graphics 2024/05/23 v1.4g Standard LaTeX Graphics (DPC,SPQR)
 (/Users/enriquerivera/Library/Application Support/MiKTeX/texmfs/install/tex/latex/graphics/trig.sty
Package: trig 2023/12/02 v1.11 sin cos tan (DPC)
) (/Users/enriquerivera/Library/Application Support/MiKTeX/texmfs/install/tex/latex/graphics-cfg/graphics.cfg
File: graphics.cfg 2016/06/04 v1.11 sample graphics configuration
)
Package graphics Info: Driver file: pdftex.def on input line 106.
 (/Users/enriquerivera/Library/Application Support/MiKTeX/texmfs/install/tex/latex/graphics-def/pdftex.def
File: pdftex.def 2024/04/13 v1.2c Graphics/color driver for pdftex
))
\Gin@req@height=\dimen151
\Gin@req@width=\dimen152
) (/Users/enriquerivera/Library/Application Support/MiKTeX/texmfs/install/tex/latex/float/float.sty
Package: float 2001/11/08 v1.3d Float enhancements (AL)
\c@float@type=\count280
\float@exts=\toks23
\float@box=\box54
\@float@everytoks=\toks24
\@floatcapt=\box55
) (/Users/enriquerivera/Library/Application Support/MiKTeX/texmfs/install/tex/latex/caption/caption.sty
Package: caption 2023/08/05 v3.6o Customizing captions (AR)
 (/Users/enriquerivera/Library/Application Support/MiKTeX/texmfs/install/tex/latex/caption/caption3.sty
Package: caption3 2023/07/31 v2.4d caption3 kernel (AR)
\caption@tempdima=\dimen153
\captionmargin=\dimen154
\caption@leftmargin=\dimen155
\caption@rightmargin=\dimen156
\caption@width=\dimen157
\caption@indent=\dimen158
\caption@parindent=\dimen159
\caption@hangindent=\dimen160
Package caption Info: Standard document class detected.
)
\c@caption@flags=\count281
\c@continuedfloat=\count282
Package caption Info: float package is loaded.
) (/Users/enriquerivera/Library/Application Support/MiKTeX/texmfs/install/tex/latex/siunitx/siunitx.sty
Package: siunitx 2024-08-20 v3.3.21 A comprehensive (SI) units package
\l__siunitx_number_uncert_offset_int=\count283
\l__siunitx_number_exponent_fixed_int=\count284
\l__siunitx_number_min_decimal_int=\count285
\l__siunitx_number_min_integer_int=\count286
\l__siunitx_number_round_precision_int=\count287
\l__siunitx_number_lower_threshold_int=\count288
\l__siunitx_number_upper_threshold_int=\count289
\l__siunitx_number_group_first_int=\count290
\l__siunitx_number_group_size_int=\count291
\l__siunitx_number_group_minimum_int=\count292
\l__siunitx_angle_tmp_dim=\dimen161
\l__siunitx_angle_marker_box=\box56
\l__siunitx_angle_unit_box=\box57
\l__siunitx_compound_count_int=\count293
 (/Users/enriquerivera/Library/Application Support/MiKTeX/texmfs/install/tex/latex/translations/translations.sty
Package: translations 2022/02/05 v1.12 internationalization of LaTeX2e packages (CN)
 (/Users/enriquerivera/Library/Application Support/MiKTeX/texmfs/install/tex/latex/etoolbox/etoolbox.sty
Package: etoolbox 2020/10/05 v2.5k e-TeX tools for LaTeX (JAW)
\etb@tempcnta=\count294
) (/Users/enriquerivera/Library/Application Support/MiKTeX/texmfs/install/tex/generic/pdftexcmds/pdftexcmds.sty
Package: pdftexcmds 2020-06-27 v0.33 Utility functions of pdfTeX for LuaTeX (HO)
 (/Users/enriquerivera/Library/Application Support/MiKTeX/texmfs/install/tex/generic/infwarerr/infwarerr.sty
Package: infwarerr 2019/12/03 v1.5 Providing info/warning/error messages (HO)
) (/Users/enriquerivera/Library/Application Support/MiKTeX/texmfs/install/tex/generic/iftex/iftex.sty
Package: iftex 2022/02/03 v1.0f TeX engine tests
) (/Users/enriquerivera/Library/Application Support/MiKTeX/texmfs/install/tex/generic/ltxcmds/ltxcmds.sty
Package: ltxcmds 2023-12-04 v1.26 LaTeX kernel commands for general use (HO)
)
Package pdftexcmds Info: \pdf@primitive is available.
Package pdftexcmds Info: \pdf@ifprimitive is available.
Package pdftexcmds Info: \pdfdraftmode found.
))
\l__siunitx_table_tmp_box=\box58
\l__siunitx_table_tmp_dim=\dimen162
\l__siunitx_table_column_width_dim=\dimen163
\l__siunitx_table_integer_box=\box59
\l__siunitx_table_decimal_box=\box60
\l__siunitx_table_uncert_box=\box61
\l__siunitx_table_before_box=\box62
\l__siunitx_table_after_box=\box63
\l__siunitx_table_before_dim=\dimen164
\l__siunitx_table_carry_dim=\dimen165
\l__siunitx_unit_tmp_int=\count295
\l__siunitx_unit_position_int=\count296
\l__siunitx_unit_total_int=\count297
 (/Users/enriquerivera/Library/Application Support/MiKTeX/texmfs/install/tex/latex/tools/array.sty
Package: array 2024/06/14 v2.6d Tabular extension package (FMi)
\col@sep=\dimen166
\ar@mcellbox=\box64
\extrarowheight=\dimen167
\NC@list=\toks25
\extratabsurround=\skip54
\backup@length=\skip55
\ar@cellbox=\box65
)) (/Users/enriquerivera/Library/Application Support/MiKTeX/texmfs/install/tex/latex/hyperref/hyperref.sty
Package: hyperref 2024-07-10 v7.01j Hypertext links for LaTeX
 (/Users/enriquerivera/Library/Application Support/MiKTeX/texmfs/install/tex/latex/kvsetkeys/kvsetkeys.sty
Package: kvsetkeys 2022-10-05 v1.19 Key value parser (HO)
) (/Users/enriquerivera/Library/Application Support/MiKTeX/texmfs/install/tex/generic/kvdefinekeys/kvdefinekeys.sty
Package: kvdefinekeys 2019-12-19 v1.6 Define keys (HO)
) (/Users/enriquerivera/Library/Application Support/MiKTeX/texmfs/install/tex/generic/pdfescape/pdfescape.sty
Package: pdfescape 2019/12/09 v1.15 Implements pdfTeX's escape features (HO)
) (/Users/enriquerivera/Library/Application Support/MiKTeX/texmfs/install/tex/latex/hycolor/hycolor.sty
Package: hycolor 2020-01-27 v1.10 Color options for hyperref/bookmark (HO)
) (/Users/enriquerivera/Library/Application Support/MiKTeX/texmfs/install/tex/latex/hyperref/nameref.sty
Package: nameref 2023-11-26 v2.56 Cross-referencing by name of section
 (/Users/enriquerivera/Library/Application Support/MiKTeX/texmfs/install/tex/latex/refcount/refcount.sty
Package: refcount 2019/12/15 v3.6 Data extraction from label references (HO)
) (/Users/enriquerivera/Library/Application Support/MiKTeX/texmfs/install/tex/generic/gettitlestring/gettitlestring.sty
Package: gettitlestring 2019/12/15 v1.6 Cleanup title references (HO)
 (/Users/enriquerivera/Library/Application Support/MiKTeX/texmfs/install/tex/latex/kvoptions/kvoptions.sty
Package: kvoptions 2022-06-15 v3.15 Key value format for package options (HO)
))
\c@section@level=\count298
) (/Users/enriquerivera/Library/Application Support/MiKTeX/texmfs/install/tex/generic/stringenc/stringenc.sty
Package: stringenc 2019/11/29 v1.12 Convert strings between diff. encodings (HO)
)
\@linkdim=\dimen168
\Hy@linkcounter=\count299
\Hy@pagecounter=\count300
 (/Users/enriquerivera/Library/Application Support/MiKTeX/texmfs/install/tex/latex/hyperref/pd1enc.def
File: pd1enc.def 2024-07-10 v7.01j Hyperref: PDFDocEncoding definition (HO)
Now handling font encoding PD1 ...
... no UTF-8 mapping file for font encoding PD1
) (/Users/enriquerivera/Library/Application Support/MiKTeX/texmfs/install/tex/generic/intcalc/intcalc.sty
Package: intcalc 2019/12/15 v1.3 Expandable calculations with integers (HO)
)
\Hy@SavedSpaceFactor=\count301
 (/Users/enriquerivera/Library/Application Support/MiKTeX/texmfs/install/tex/latex/hyperref/puenc.def
File: puenc.def 2024-07-10 v7.01j Hyperref: PDF Unicode definition (HO)
Now handling font encoding PU ...
... no UTF-8 mapping file for font encoding PU
)
Package hyperref Info: Hyper figures OFF on input line 4157.
Package hyperref Info: Link nesting OFF on input line 4162.
Package hyperref Info: Hyper index ON on input line 4165.
Package hyperref Info: Plain pages OFF on input line 4172.
Package hyperref Info: Backreferencing OFF on input line 4177.
Package hyperref Info: Implicit mode ON; LaTeX internals redefined.
Package hyperref Info: Bookmarks ON on input line 4424.
\c@Hy@tempcnt=\count302
 (/Users/enriquerivera/Library/Application Support/MiKTeX/texmfs/install/tex/latex/url/url.sty
\Urlmuskip=\muskip18
Package: url 2013/09/16  ver 3.4  Verb mode for urls, etc.
)
LaTeX Info: Redefining \url on input line 4763.
\XeTeXLinkMargin=\dimen169
 (/Users/enriquerivera/Library/Application Support/MiKTeX/texmfs/install/tex/generic/bitset/bitset.sty
Package: bitset 2019/12/09 v1.3 Handle bit-vector datatype (HO)
 (/Users/enriquerivera/Library/Application Support/MiKTeX/texmfs/install/tex/generic/bigintcalc/bigintcalc.sty
Package: bigintcalc 2019/12/15 v1.5 Expandable calculations on big integers (HO)
))
\Fld@menulength=\count303
\Field@Width=\dimen170
\Fld@charsize=\dimen171
Package hyperref Info: Hyper figures OFF on input line 6042.
Package hyperref Info: Link nesting OFF on input line 6047.
Package hyperref Info: Hyper index ON on input line 6050.
Package hyperref Info: backreferencing OFF on input line 6057.
Package hyperref Info: Link coloring OFF on input line 6062.
Package hyperref Info: Link coloring with OCG OFF on input line 6067.
Package hyperref Info: PDF/A mode OFF on input line 6072.
 (/Users/enriquerivera/Library/Application Support/MiKTeX/texmfs/install/tex/latex/base/atbegshi-ltx.sty
Package: atbegshi-ltx 2021/01/10 v1.0c Emulation of the original atbegshi
package with kernel methods
)
\Hy@abspage=\count304
\c@Item=\count305
\c@Hfootnote=\count306
)
Package hyperref Info: Driver (autodetected): hpdftex.
 (/Users/enriquerivera/Library/Application Support/MiKTeX/texmfs/install/tex/latex/hyperref/hpdftex.def
File: hpdftex.def 2024-07-10 v7.01j Hyperref driver for pdfTeX
 (/Users/enriquerivera/Library/Application Support/MiKTeX/texmfs/install/tex/latex/base/atveryend-ltx.sty
Package: atveryend-ltx 2020/08/19 v1.0a Emulation of the original atveryend package
with kernel methods
)
\Fld@listcount=\count307
\c@bookmark@seq@number=\count308
 (/Users/enriquerivera/Library/Application Support/MiKTeX/texmfs/install/tex/latex/rerunfilecheck/rerunfilecheck.sty
Package: rerunfilecheck 2022-07-10 v1.10 Rerun checks for auxiliary files (HO)
 (/Users/enriquerivera/Library/Application Support/MiKTeX/texmfs/install/tex/generic/uniquecounter/uniquecounter.sty
Package: uniquecounter 2019/12/15 v1.4 Provide unlimited unique counter (HO)
)
Package uniquecounter Info: New unique counter `rerunfilecheck' on input line 285.
)
\Hy@SectionHShift=\skip56
)
Package translations Info: No language package found. I am going to use `english' as default language. on input line 13.
 (/Users/enriquerivera/Library/Application Support/MiKTeX/texmfs/install/tex/latex/graphics/color.sty
Package: color 2024/01/14 v1.3d Standard LaTeX Color (DPC)
 (/Users/enriquerivera/Library/Application Support/MiKTeX/texmfs/install/tex/latex/graphics-cfg/color.cfg
File: color.cfg 2016/01/02 v1.6 sample color configuration
)
Package color Info: Driver file: pdftex.def on input line 149.
 (/Users/enriquerivera/Library/Application Support/MiKTeX/texmfs/install/tex/latex/graphics/mathcolor.ltx)) (/Users/enriquerivera/Library/Application Support/MiKTeX/texmfs/install/tex/latex/l3backend-dev/l3backend-pdftex.def
File: l3backend-pdftex.def 2024-05-08 L3 backend support: PDF output (pdfTeX)
\l__color_backend_stack_int=\count309
\l__pdf_internal_box=\box66
) (Report 4.aux

LaTeX Warning: Label `fig:passive_pullup_inverter' multiply defined.

)
\openout1 = `"Report 4.aux"'.

LaTeX Font Info:    Checking defaults for OML/cmm/m/it on input line 13.
LaTeX Font Info:    ... okay on input line 13.
LaTeX Font Info:    Checking defaults for OMS/cmsy/m/n on input line 13.
LaTeX Font Info:    ... okay on input line 13.
LaTeX Font Info:    Checking defaults for OT1/cmr/m/n on input line 13.
LaTeX Font Info:    ... okay on input line 13.
LaTeX Font Info:    Checking defaults for T1/cmr/m/n on input line 13.
LaTeX Font Info:    ... okay on input line 13.
LaTeX Font Info:    Checking defaults for TS1/cmr/m/n on input line 13.
LaTeX Font Info:    ... okay on input line 13.
LaTeX Font Info:    Checking defaults for OMX/cmex/m/n on input line 13.
LaTeX Font Info:    ... okay on input line 13.
LaTeX Font Info:    Checking defaults for U/cmr/m/n on input line 13.
LaTeX Font Info:    ... okay on input line 13.
LaTeX Font Info:    Checking defaults for PD1/pdf/m/n on input line 13.
LaTeX Font Info:    ... okay on input line 13.
LaTeX Font Info:    Checking defaults for PU/pdf/m/n on input line 13.
LaTeX Font Info:    ... okay on input line 13.
 (/Users/enriquerivera/Library/Application Support/MiKTeX/texmfs/install/tex/context/base/mkii/supp-pdf.mkii
[Loading MPS to PDF converter (version 2006.09.02).]
\scratchcounter=\count310
\scratchdimen=\dimen172
\scratchbox=\box67
\nofMPsegments=\count311
\nofMParguments=\count312
\everyMPshowfont=\toks26
\MPscratchCnt=\count313
\MPscratchDim=\dimen173
\MPnumerator=\count314
\makeMPintoPDFobject=\count315
\everyMPtoPDFconversion=\toks27
) (/Users/enriquerivera/Library/Application Support/MiKTeX/texmfs/install/tex/latex/epstopdf-pkg/epstopdf-base.sty
Package: epstopdf-base 2020-01-24 v2.11 Base part for package epstopdf
Package epstopdf-base Info: Redefining graphics rule for `.eps' on input line 485.
 (/Users/enriquerivera/Library/Application Support/MiKTeX/texmfs/install/tex/latex/00miktex/epstopdf-sys.cfg
File: epstopdf-sys.cfg 2021/03/18 v2.0 Configuration of epstopdf for MiKTeX
))
Package caption Info: Begin \AtBeginDocument code.
Package caption Info: hyperref package is loaded.
Package caption Info: End \AtBeginDocument code.
 (/Users/enriquerivera/Library/Application Support/MiKTeX/texmfs/install/tex/latex/translations/dicts/translations-basic-dictionary-english.trsl
File: translations-basic-dictionary-english.trsl (english translation file `translations-basic-dictionary')
)
Package translations Info: loading dictionary `translations-basic-dictionary' for `english'. on input line 13.
Package hyperref Info: Link coloring OFF on input line 13.
 (Report 4.out) (Report 4.out)
\@outlinefile=\write3
\openout3 = `"Report 4.out"'.


Underfull \hbox (badness 10000) in paragraph at lines 24--29

 []


Underfull \hbox (badness 10000) in paragraph at lines 30--35

 []


Underfull \hbox (badness 10000) in paragraph at lines 36--39

 []


Underfull \hbox (badness 10000) in paragraph at lines 40--45

 []



[1

{/Users/enriquerivera/Library/Application Support/MiKTeX/texmfs/data/fonts/map/pdftex/pdftex.map}]
Underfull \hbox (badness 10000) in paragraph at lines 46--51

 []


Underfull \hbox (badness 10000) in paragraph at lines 52--57

 []

<./img/Lab 10/10_1_1.png, id=16, 513.8397pt x 338.2236pt>
File: ./img/Lab 10/10_1_1.png Graphic file (type png)
<use ./img/Lab 10/10_1_1.png>
Package pdftex.def Info: ./img/Lab 10/10_1_1.png  used on input line 79.
(pdftex.def)             Requested size: 241.49895pt x 158.95995pt.


[2]
Underfull \hbox (badness 10000) in paragraph at lines 89--96

 []


Underfull \hbox (badness 10000) in paragraph at lines 100--111

 []



[3 <./img/Lab 10/10_1_1.png>]
Underfull \hbox (badness 10000) in paragraph at lines 112--117

 []


Underfull \hbox (badness 10000) in paragraph at lines 118--123

 []

<./img/Lab 10/10_2_1.png, id=34, 1101.11375pt x 366.36874pt>
File: ./img/Lab 10/10_2_1.png Graphic file (type png)
<use ./img/Lab 10/10_2_1.png>
Package pdftex.def Info: ./img/Lab 10/10_2_1.png  used on input line 144.
(pdftex.def)             Requested size: 241.49895pt x 80.34981pt.

Overfull \hbox (3.66614pt too wide) in paragraph at lines 150--151
\OT1/cmr/m/n/10 The results confirmed that the arrangement of NAND gates successfully produced
 []



[4 <./img/Lab 10/10_2_1.png>]
Underfull \hbox (badness 10000) in paragraph at lines 155--166

 []


Underfull \hbox (badness 10000) in paragraph at lines 167--172

 []


Underfull \hbox (badness 10000) in paragraph at lines 173--178

 []

<./img/Lab 10/10_3_1.png, id=43, 941.5175pt x 449.68pt>
File: ./img/Lab 10/10_3_1.png Graphic file (type png)
<use ./img/Lab 10/10_3_1.png>
Package pdftex.def Info: ./img/Lab 10/10_3_1.png  used on input line 199.
(pdftex.def)             Requested size: 241.49895pt x 115.34274pt.


[5]
Overfull \hbox (6.1384pt too wide) in paragraph at lines 205--206
\OT1/cmr/m/n/10 The results confirmed that the configuration of NAND gates successfully produced
 []


Underfull \hbox (badness 10000) in paragraph at lines 210--215

 []


Overfull \hbox (9.02838pt too wide) in paragraph at lines 216--219
\OT1/cmr/m/n/10 exercises, ensuring that each transistor could be connected appropriately according
 []


Underfull \hbox (badness 10000) in paragraph at lines 216--219

 []

<./img/Lab 10/10_5_1.png, id=52, 682.55pt x 625.33624pt>
File: ./img/Lab 10/10_5_1.png Graphic file (type png)
<use ./img/Lab 10/10_5_1.png>
Package pdftex.def Info: ./img/Lab 10/10_5_1.png  used on input line 225.
(pdftex.def)             Requested size: 241.49895pt x 221.24689pt.


[6 <./img/Lab 10/10_3_1.png>]
Underfull \hbox (badness 10000) in paragraph at lines 230--235

 []


Underfull \hbox (badness 10000) in paragraph at lines 236--241

 []

<./img/Lab 10/10_6_1.png, id=62, 617.30624pt x 723.70375pt>
File: ./img/Lab 10/10_6_1.png Graphic file (type png)
<use ./img/Lab 10/10_6_1.png>
Package pdftex.def Info: ./img/Lab 10/10_6_1.png  used on input line 253.
(pdftex.def)             Requested size: 241.49895pt x 283.12675pt.


[7 <./img/Lab 10/10_5_1.png>]
Underfull \hbox (badness 10000) in paragraph at lines 258--263

 []


Underfull \hbox (badness 10000) in paragraph at lines 264--269

 []



[8 <./img/Lab 10/10_6_1.png>]
Overfull \hbox (16.35944pt too wide) in paragraph at lines 281--282
[]\OT1/cmr/m/n/10 To replicate the CMOS NAND gate circuit, we used the following pin connections
 []

<./img/Lab 10/10_7_1.png, id=80, 699.61375pt x 463.7325pt>
File: ./img/Lab 10/10_7_1.png Graphic file (type png)
<use ./img/Lab 10/10_7_1.png>
Package pdftex.def Info: ./img/Lab 10/10_7_1.png  used on input line 293.
(pdftex.def)             Requested size: 172.5pt x 114.33366pt.


[9]
Underfull \hbox (badness 10000) in paragraph at lines 328--329

 []


Underfull \hbox (badness 10000) in paragraph at lines 330--336

 []



[10 <./img/Lab 10/10_7_1.png>]
Underfull \hbox (badness 10000) in paragraph at lines 350--357

 []

<./img/Lab 11/11_1_1.png, id=97, 559.08875pt x 279.0425pt>
File: ./img/Lab 11/11_1_1.png Graphic file (type png)
<use ./img/Lab 11/11_1_1.png>
Package pdftex.def Info: ./img/Lab 11/11_1_1.png  used on input line 360.
(pdftex.def)             Requested size: 172.5pt x 86.09352pt.


[11]
Underfull \hbox (badness 10000) in paragraph at lines 365--370

 []


Underfull \hbox (badness 10000) in paragraph at lines 372--373

 []


Underfull \hbox (badness 10000) in paragraph at lines 390--399

 []


Overfull \hbox (22.08398pt too wide) in paragraph at lines 400--401
[]\OT1/cmr/m/n/10 This basic configuration demonstrates how a flip-flop circuit can store information,
 []


Underfull \hbox (badness 10000) in paragraph at lines 405--412

 []



[12 <./img/Lab 11/11_1_1.png>]
Underfull \hbox (badness 10000) in paragraph at lines 413--418

 []


Underfull \hbox (badness 10000) in paragraph at lines 420--421

 []


Underfull \hbox (badness 10000) in paragraph at lines 438--443

 []


Overfull \hbox (18.24135pt too wide) in paragraph at lines 444--445
\OT1/cmr/m/n/10 clock is active. This setup is commonly used in digital systems where synchronization
 []

<./img/Lab 11/11_2_1.png, id=116, 752.8125pt x 404.51125pt>
File: ./img/Lab 11/11_2_1.png Graphic file (type png)
<use ./img/Lab 11/11_2_1.png>
Package pdftex.def Info: ./img/Lab 11/11_2_1.png  used on input line 448.
(pdftex.def)             Requested size: 172.5pt x 92.68997pt.


[13]
Overfull \hbox (2.83061pt too wide) in paragraph at lines 454--455
\OT1/cmr/m/n/10 positive edge-triggered D flip-flops with SET (Preset) and RESET (Clear) inputs.
 []


Underfull \hbox (badness 10000) in paragraph at lines 456--461

 []


Underfull \hbox (badness 10000) in paragraph at lines 462--469

 []


Underfull \hbox (badness 10000) in paragraph at lines 471--478

 []


Underfull \hbox (badness 10000) in paragraph at lines 479--488

 []



[14 <./img/Lab 11/11_2_1.png>]
<./img/Lab 11/11_3_1.png, id=133, 618.6312pt x 171.2799pt>
File: ./img/Lab 11/11_3_1.png Graphic file (type png)
<use ./img/Lab 11/11_3_1.png>
Package pdftex.def Info: ./img/Lab 11/11_3_1.png  used on input line 491.
(pdftex.def)             Requested size: 276.00105pt x 76.41663pt.
<./img/Lab 11/11_3_2.png, id=134, 618.6312pt x 171.2799pt>
File: ./img/Lab 11/11_3_2.png Graphic file (type png)
<use ./img/Lab 11/11_3_2.png>
Package pdftex.def Info: ./img/Lab 11/11_3_2.png  used on input line 498.
(pdftex.def)             Requested size: 276.00105pt x 76.41663pt.
<./img/Lab 11/11_3_3.png, id=135, 618.6312pt x 171.2799pt>
File: ./img/Lab 11/11_3_3.png Graphic file (type png)
<use ./img/Lab 11/11_3_3.png>
Package pdftex.def Info: ./img/Lab 11/11_3_3.png  used on input line 505.
(pdftex.def)             Requested size: 276.00105pt x 76.41663pt.


[15 <./img/Lab 11/11_3_1.png> <./img/Lab 11/11_3_2.png> <./img/Lab 11/11_3_3.png>]
Underfull \hbox (badness 10000) in paragraph at lines 528--535

 []


Underfull \hbox (badness 10000) in paragraph at lines 542--547

 []


Underfull \hbox (badness 10000) in paragraph at lines 548--551

 []

<./img/Lab 11/11_5_1.png, id=149, 395.4775pt x 319.1925pt>
File: ./img/Lab 11/11_5_1.png Graphic file (type png)
<use ./img/Lab 11/11_5_1.png>
Package pdftex.def Info: ./img/Lab 11/11_5_1.png  used on input line 554.
(pdftex.def)             Requested size: 172.5pt x 139.22751pt.


[16]
Underfull \hbox (badness 10000) in paragraph at lines 560--563

 []

<./img/Lab 11/11_5_2.png, id=157, 618.6312pt x 171.2799pt>
File: ./img/Lab 11/11_5_2.png Graphic file (type png)
<use ./img/Lab 11/11_5_2.png>
Package pdftex.def Info: ./img/Lab 11/11_5_2.png  used on input line 566.
(pdftex.def)             Requested size: 276.00105pt x 76.41663pt.
<./img/Lab 11/11_5_3.png, id=158, 618.6312pt x 171.2799pt>
File: ./img/Lab 11/11_5_3.png Graphic file (type png)
<use ./img/Lab 11/11_5_3.png>
Package pdftex.def Info: ./img/Lab 11/11_5_3.png  used on input line 573.
(pdftex.def)             Requested size: 276.00105pt x 76.41663pt.

Underfull \hbox (badness 10000) in paragraph at lines 579--582

 []



[17 <./img/Lab 11/11_5_1.png> <./img/Lab 11/11_5_2.png> <./img/Lab 11/11_5_3.png>]
Underfull \hbox (badness 10000) in paragraph at lines 583--587

 []


Overfull \hbox (2.4728pt too wide) in paragraph at lines 588--591
\OT1/cmr/m/n/10 - In this setup, the propagation delay becomes evident at higher clock frequencies,
 []


Underfull \hbox (badness 10000) in paragraph at lines 588--591

 []


Underfull \hbox (badness 10000) in paragraph at lines 598--603

 []

<./img/Lab 11/11_6_1.png, id=173, 470.75874pt x 236.885pt>
File: ./img/Lab 11/11_6_1.png Graphic file (type png)
<use ./img/Lab 11/11_6_1.png>
Package pdftex.def Info: ./img/Lab 11/11_6_1.png  used on input line 606.
(pdftex.def)             Requested size: 207.0021pt x 104.16466pt.


[18]
Underfull \hbox (badness 10000) in paragraph at lines 611--614

 []


Underfull \hbox (badness 10000) in paragraph at lines 616--619

 []

<./img/Lab 11/11_6_2.png, id=179, 618.6312pt x 226.9278pt>
File: ./img/Lab 11/11_6_2.png Graphic file (type png)
<use ./img/Lab 11/11_6_2.png>
Package pdftex.def Info: ./img/Lab 11/11_6_2.png  used on input line 622.
(pdftex.def)             Requested size: 276.00105pt x 101.24397pt.
<./img/Lab 11/11_6_3.png, id=180, 618.6312pt x 226.9278pt>
File: ./img/Lab 11/11_6_3.png Graphic file (type png)
<use ./img/Lab 11/11_6_3.png>
Package pdftex.def Info: ./img/Lab 11/11_6_3.png  used on input line 629.
(pdftex.def)             Requested size: 276.00105pt x 101.24397pt.


[19 <./img/Lab 11/11_6_1.png> <./img/Lab 11/11_6_2.png>]
Underfull \hbox (badness 10000) in paragraph at lines 635--638

 []


Underfull \hbox (badness 10000) in paragraph at lines 639--644

 []


Underfull \hbox (badness 10000) in paragraph at lines 645--648

 []



[20 <./img/Lab 11/11_6_3.png>] (Report 4.aux)
 ***********
LaTeX2e <2024-06-01> patch level 2
L3 programming layer <2024-08-30>
 ***********


LaTeX Warning: There were multiply-defined labels.

Package rerunfilecheck Info: File `"Report 4".out' has not changed.
(rerunfilecheck)             Checksum: D41D8CD98F00B204E9800998ECF8427E;0.
 ) 
Here is how much of TeX's memory you used:
 14595 strings out of 475833
 297301 string characters out of 2775517
 641736 words of memory out of 3000000
 37018 multiletter control sequences out of 15000+600000
 564406 words of font info for 58 fonts, out of 8000000 for 9000
 0 hyphenation exceptions out of 8191
 75i,10n,80p,744b,922s stack positions out of 5000i,500n,10000p,200000b,80000s
 </Users/enriquerivera/Library/Application Support/MiKTeX/texmfs/data/fonts/pk/ljfour/jknappen/ec/dpi600/tcrm1000.pk></Users/enriquerivera/Library/Application Support/MiKTeX/texmfs/install/fonts/type1/public/amsfonts/cm/cmbx10.pfb></Users/enriquerivera/Library/Application Support/MiKTeX/texmfs/install/fonts/type1/public/amsfonts/cm/cmbx12.pfb></Users/enriquerivera/Library/Application Support/MiKTeX/texmfs/install/fonts/type1/public/amsfonts/cm/cmmi10.pfb></Users/enriquerivera/Library/Application Support/MiKTeX/texmfs/install/fonts/type1/public/amsfonts/cm/cmr10.pfb></Users/enriquerivera/Library/Application Support/MiKTeX/texmfs/install/fonts/type1/public/amsfonts/cm/cmr12.pfb></Users/enriquerivera/Library/Application Support/MiKTeX/texmfs/install/fonts/type1/public/amsfonts/cm/cmr17.pfb>
Output written on "Report 4.pdf" (20 pages, 531028 bytes).
PDF statistics:
 251 PDF objects out of 1000 (max. 8388607)
 85 named destinations out of 1000 (max. 500000)
 86 words of extra memory for PDF output out of 10000 (max. 10000000)

