\BOOKMARK [1][-]{section.1}{\376\377\000I\000n\000t\000r\000o\000d\000u\000c\000t\000i\000o\000n}{}% 1
\BOOKMARK [1][-]{section.2}{\376\377\000M\000e\000t\000h\000o\000d\000s\000\040\000/\000\040\000N\000o\000t\000e\000s}{}% 2
\BOOKMARK [2][-]{subsection.2.1}{\376\377\000B\000r\000e\000a\000d\000b\000o\000a\000r\000d\000\040\000L\000a\000y\000o\000u\000t\000\040\000a\000n\000d\000\040\000M\000e\000a\000s\000u\000r\000e\000m\000e\000n\000t}{section.2}% 3
\BOOKMARK [3][-]{subsubsection.2.1.1}{\376\377\000O\000p\000e\000n\000\040\000a\000n\000d\000\040\000C\000l\000o\000s\000e\000d\000\040\000C\000i\000r\000c\000u\000i\000t\000\040\000M\000e\000a\000s\000u\000r\000e\000m\000e\000n\000t\000s}{subsection.2.1}% 4
\BOOKMARK [3][-]{subsubsection.2.1.2}{\376\377\000V\000o\000l\000t\000a\000g\000e\000\040\000D\000i\000v\000i\000d\000e\000r}{subsection.2.1}% 5
\BOOKMARK [3][-]{subsubsection.2.1.3}{\376\377\000F\000u\000n\000c\000t\000i\000o\000n\000\040\000G\000e\000n\000e\000r\000a\000t\000o\000r\000\040\000a\000n\000d\000\040\000O\000s\000c\000i\000l\000l\000o\000s\000c\000o\000p\000e}{subsection.2.1}% 6
\BOOKMARK [2][-]{subsection.2.2}{\376\377\000R\000e\000s\000u\000l\000t\000s}{section.2}% 7
\BOOKMARK [3][-]{subsubsection.2.2.1}{\376\377\000\050\0001\000\051\000\040\000B\000r\000e\000a\000d\000b\000o\000a\000r\000d\000\040\000L\000a\000y\000o\000u\000t}{subsection.2.2}% 8
\BOOKMARK [3][-]{subsubsection.2.2.2}{\376\377\000\050\0002\000c\000\051\000\040\000O\000p\000e\000n\000\040\000a\000n\000d\000\040\000C\000l\000o\000s\000e\000d\000\040\000C\000i\000r\000c\000u\000i\000t\000\040\000M\000e\000a\000s\000u\000r\000e\000m\000e\000n\000t\000s}{subsection.2.2}% 9
\BOOKMARK [3][-]{subsubsection.2.2.3}{\376\377\000\050\0003\000\051\000\040\000V\000o\000l\000t\000a\000g\000e\000\040\000D\000i\000v\000i\000d\000e\000r\000\040\000R\000e\000s\000u\000l\000t\000s}{subsection.2.2}% 10
\BOOKMARK [3][-]{subsubsection.2.2.4}{\376\377\000\050\0004\000\051\000\040\000V\000o\000l\000t\000a\000g\000e\000\040\000D\000i\000v\000i\000d\000e\000r\000\040\000C\000a\000s\000e\000s}{subsection.2.2}% 11
\BOOKMARK [3][-]{subsubsection.2.2.5}{\376\377\000\050\0005\000\051\000\040\000F\000u\000n\000c\000t\000i\000o\000n\000\040\000G\000e\000n\000e\000r\000a\000t\000o\000r\000\040\000a\000n\000d\000\040\000O\000s\000c\000i\000l\000l\000o\000s\000c\000o\000p\000e}{subsection.2.2}% 12
\BOOKMARK [3][-]{subsubsection.2.2.6}{\376\377\000\050\0006\000\051\000\040\000T\000r\000i\000g\000g\000e\000r\000\040\000E\000f\000f\000e\000c\000t}{subsection.2.2}% 13
\BOOKMARK [3][-]{subsubsection.2.2.7}{\376\377\000\050\0007\000\051\000\040\000D\000C\000\040\000O\000f\000f\000s\000e\000t\000\040\000E\000f\000f\000e\000c\000t}{subsection.2.2}% 14
\BOOKMARK [3][-]{subsubsection.2.2.8}{\376\377\000\050\0008\000\051\000\040\000V\000o\000l\000t\000a\000g\000e\000\040\000D\000i\000v\000i\000d\000e\000r\000\040\000F\000o\000r\000m\000u\000l\000a}{subsection.2.2}% 15
\BOOKMARK [3][-]{subsubsection.2.2.9}{\376\377\000\050\0009\000\051\000\040\000R\000M\000S\000\040\000a\000m\000p\000l\000i\000t\000u\000d\000e\000\040}{subsection.2.2}% 16
\BOOKMARK [3][-]{subsubsection.2.2.10}{\376\377\000\050\0001\0000\000\051\000\040\000M\000e\000a\000s\000u\000r\000e\000d\000\040\000r\000i\000s\000e\000\040\000\050\000o\000r\000\040\000f\000a\000l\000l\000\051\000\040\000T\000i\000m\000e\000\040}{subsection.2.2}% 17
\BOOKMARK [1][-]{section.3}{\376\377\000I\000n\000t\000r\000o\000d\000u\000c\000t\000i\000o\000n}{}% 18
\BOOKMARK [1][-]{section.4}{\376\377\000M\000e\000t\000h\000o\000d\000s\000\040\000/\000\040\000N\000o\000t\000e\000s}{}% 19
\BOOKMARK [2][-]{subsection.4.1}{\376\377\000C\000i\000r\000c\000u\000i\000t\000\040\000A\000:\000\040\000I\000n\000t\000e\000g\000r\000a\000t\000o\000r}{section.4}% 20
\BOOKMARK [2][-]{subsection.4.2}{\376\377\000C\000i\000r\000c\000u\000i\000t\000\040\000B\000:\000\040\000D\000i\000f\000f\000e\000r\000e\000n\000t\000i\000a\000t\000o\000r}{section.4}% 21
\BOOKMARK [1][-]{section.5}{\376\377\000R\000e\000s\000u\000l\000t\000s}{}% 22
\BOOKMARK [2][-]{subsection.5.1}{\376\377\000\040\000\050\0001\000a\000\051\000\040\000I\000n\000t\000e\000g\000r\000a\000t\000o\000r\000:\000\040\000T\000i\000m\000e\000\040\000C\000o\000n\000s\000t\000a\000n\000t\000\040\000M\000e\000a\000s\000u\000r\000e\000m\000e\000n\000t\000s}{section.5}% 23
\BOOKMARK [2][-]{subsection.5.2}{\376\377\000\050\0001\000b\000\051\000\040\000I\000n\000t\000e\000g\000r\000a\000t\000o\000r\000:\000\040\000I\000n\000t\000e\000g\000r\000a\000l\000\040\000a\000n\000a\000l\000y\000s\000i\000s\000\040}{section.5}% 24
\BOOKMARK [2][-]{subsection.5.3}{\376\377\000\050\0001\000c\000\051\000\040\000I\000n\000t\000e\000g\000r\000a\000t\000o\000r\000:\000\040\000F\000r\000e\000q\000u\000e\000n\000c\000y\000\040\000R\000e\000s\000p\000o\000n\000s\000e}{section.5}% 25
\BOOKMARK [2][-]{subsection.5.4}{\376\377\000\050\0002\000a\000\051\000\040\000D\000i\000f\000f\000e\000r\000e\000n\000t\000i\000a\000t\000o\000r\000:\000\040\000T\000i\000m\000e\000\040\000C\000o\000n\000s\000t\000a\000n\000t\000\040\000M\000e\000a\000s\000u\000r\000e\000m\000e\000n\000t\000s}{section.5}% 26
\BOOKMARK [2][-]{subsection.5.5}{\376\377\000\050\0002\000b\000\051\000\040\000D\000i\000f\000f\000e\000r\000e\000n\000t\000i\000a\000t\000o\000r\000:\000\040\000D\000i\000f\000f\000e\000r\000e\000n\000t\000i\000a\000t\000o\000r\000\040\000A\000n\000a\000l\000y\000s\000i\000s}{section.5}% 27
\BOOKMARK [2][-]{subsection.5.6}{\376\377\000\050\0002\000c\000\051\000\040\000D\000i\000f\000f\000e\000r\000e\000n\000t\000i\000a\000t\000o\000r\000:\000\040\000F\000r\000e\000q\000u\000e\000n\000c\000y\000\040\000R\000e\000s\000p\000o\000n\000s\000e}{section.5}% 28
\BOOKMARK [2][-]{subsection.5.7}{\376\377\000\050\0003\000\051\000\040}{section.5}% 29
\BOOKMARK [2][-]{subsection.5.8}{\376\377\000\050\0004\000\051\000\040}{section.5}% 30
